<?xml version="1.0" encoding="UTF-8"?>
<coverage generated="1612655894399" clover="3.2.0">
  <project timestamp="1612655894400" name="All files">
    <metrics statements="202" coveredstatements="199" conditionals="117" coveredconditionals="108" methods="44" coveredmethods="44" elements="363" coveredelements="351" complexity="0" loc="202" ncloc="202" packages="2" files="23" classes="23">
      <package name="src">
        <metrics statements="86" coveredstatements="84" conditionals="39" coveredconditionals="37" methods="18" coveredmethods="18"/>
        <file name="scrollTo.js" path="/home/makro/0001/scrollnav/src/scrollTo.js">
          <metrics statements="22" coveredstatements="20" conditionals="10" coveredconditionals="8" methods="3" coveredmethods="3"/>
          <line num="6" count="3" type="stmt"/>
          <line num="7" count="3" type="cond" truecount="2" falsecount="0"/>
          <line num="8" count="1" type="stmt"/>
          <line num="11" count="2" type="cond" truecount="2" falsecount="0"/>
          <line num="12" count="2" type="cond" truecount="2" falsecount="0"/>
          <line num="13" count="1" type="stmt"/>
          <line num="16" count="1" type="stmt"/>
          <line num="17" count="1" type="stmt"/>
          <line num="18" count="1" type="stmt"/>
          <line num="19" count="1" type="stmt"/>
          <line num="20" count="1" type="stmt"/>
          <line num="21" count="1" type="stmt"/>
          <line num="26" count="1" type="stmt"/>
          <line num="27" count="1" type="stmt"/>
          <line num="28" count="1" type="stmt"/>
          <line num="29" count="1" type="stmt"/>
          <line num="31" count="1" type="cond" truecount="1" falsecount="1"/>
          <line num="32" count="1" type="stmt"/>
          <line num="34" count="0" type="stmt"/>
          <line num="38" count="1" type="cond" truecount="1" falsecount="1"/>
          <line num="39" count="0" type="stmt"/>
          <line num="41" count="1" type="stmt"/>
        </file>
        <file name="scrollnav.js" path="/home/makro/0001/scrollnav/src/scrollnav.js">
          <metrics statements="39" coveredstatements="39" conditionals="26" coveredconditionals="26" methods="4" coveredmethods="4"/>
          <line num="27" count="50" type="stmt"/>
          <line num="31" count="27" type="stmt"/>
          <line num="38" count="27" type="stmt"/>
          <line num="39" count="27" type="stmt"/>
          <line num="41" count="27" type="cond" truecount="2" falsecount="0"/>
          <line num="42" count="4" type="cond" truecount="2" falsecount="0"/>
          <line num="44" count="1" type="stmt"/>
          <line num="48" count="4" type="stmt"/>
          <line num="51" count="23" type="cond" truecount="4" falsecount="0"/>
          <line num="52" count="4" type="cond" truecount="2" falsecount="0"/>
          <line num="54" count="1" type="stmt"/>
          <line num="58" count="4" type="stmt"/>
          <line num="61" count="19" type="cond" truecount="2" falsecount="0"/>
          <line num="62" count="2" type="cond" truecount="2" falsecount="0"/>
          <line num="64" count="1" type="stmt"/>
          <line num="68" count="2" type="stmt"/>
          <line num="71" count="17" type="stmt"/>
          <line num="73" count="17" type="cond" truecount="2" falsecount="0"/>
          <line num="74" count="2" type="cond" truecount="2" falsecount="0"/>
          <line num="76" count="1" type="stmt"/>
          <line num="81" count="2" type="stmt"/>
          <line num="84" count="15" type="stmt"/>
          <line num="85" count="15" type="stmt"/>
          <line num="87" count="15" type="stmt"/>
          <line num="88" count="15" type="stmt"/>
          <line num="89" count="15" type="stmt"/>
          <line num="90" count="15" type="stmt"/>
          <line num="92" count="15" type="cond" truecount="2" falsecount="0"/>
          <line num="93" count="15" type="cond" truecount="2" falsecount="0"/>
          <line num="97" count="2" type="stmt"/>
          <line num="99" count="2" type="stmt"/>
          <line num="100" count="2" type="stmt"/>
          <line num="101" count="2" type="stmt"/>
          <line num="102" count="2" type="stmt"/>
          <line num="104" count="2" type="cond" truecount="2" falsecount="0"/>
          <line num="108" count="2" type="stmt"/>
          <line num="109" count="2" type="stmt"/>
          <line num="111" count="2" type="cond" truecount="2" falsecount="0"/>
          <line num="114" count="1" type="stmt"/>
        </file>
        <file name="setupClickHandlers.js" path="/home/makro/0001/scrollnav/src/setupClickHandlers.js">
          <metrics statements="9" coveredstatements="9" conditionals="0" coveredconditionals="0" methods="3" coveredmethods="3"/>
          <line num="5" count="17" type="stmt"/>
          <line num="7" count="1" type="stmt"/>
          <line num="9" count="1" type="stmt"/>
          <line num="10" count="1" type="stmt"/>
          <line num="11" count="1" type="stmt"/>
          <line num="25" count="17" type="stmt"/>
          <line num="26" count="17" type="stmt"/>
          <line num="27" count="51" type="stmt"/>
          <line num="30" count="17" type="stmt"/>
        </file>
        <file name="setupResizeHandler.js" path="/home/makro/0001/scrollnav/src/setupResizeHandler.js">
          <metrics statements="3" coveredstatements="3" conditionals="0" coveredconditionals="0" methods="2" coveredmethods="2"/>
          <line num="5" count="1" type="stmt"/>
          <line num="8" count="17" type="stmt"/>
          <line num="10" count="17" type="stmt"/>
        </file>
        <file name="setupScrollHandler.js" path="/home/makro/0001/scrollnav/src/setupScrollHandler.js">
          <metrics statements="8" coveredstatements="8" conditionals="3" coveredconditionals="3" methods="2" coveredmethods="2"/>
          <line num="6" count="5" type="cond" truecount="3" falsecount="0"/>
          <line num="7" count="5" type="stmt"/>
          <line num="8" count="5" type="stmt"/>
          <line num="9" count="5" type="stmt"/>
          <line num="15" count="5" type="stmt"/>
          <line num="17" count="5" type="stmt"/>
          <line num="20" count="20" type="stmt"/>
          <line num="22" count="20" type="stmt"/>
        </file>
        <file name="teardownClickHandlers.js" path="/home/makro/0001/scrollnav/src/teardownClickHandlers.js">
          <metrics statements="3" coveredstatements="3" conditionals="0" coveredconditionals="0" methods="2" coveredmethods="2"/>
          <line num="2" count="3" type="stmt"/>
          <line num="3" count="3" type="stmt"/>
          <line num="4" count="9" type="stmt"/>
        </file>
        <file name="teardownResizeHandler.js" path="/home/makro/0001/scrollnav/src/teardownResizeHandler.js">
          <metrics statements="1" coveredstatements="1" conditionals="0" coveredconditionals="0" methods="1" coveredmethods="1"/>
          <line num="2" count="3" type="stmt"/>
        </file>
        <file name="teardownScrollHandler.js" path="/home/makro/0001/scrollnav/src/teardownScrollHandler.js">
          <metrics statements="1" coveredstatements="1" conditionals="0" coveredconditionals="0" methods="1" coveredmethods="1"/>
          <line num="2" count="4" type="stmt"/>
        </file>
      </package>
      <package name="src.util">
        <metrics statements="116" coveredstatements="115" conditionals="78" coveredconditionals="71" methods="26" coveredmethods="26"/>
        <file name="calculateScrollDuration.js" path="/home/makro/0001/scrollnav/src/util/calculateScrollDuration.js">
          <metrics statements="2" coveredstatements="2" conditionals="0" coveredconditionals="0" methods="1" coveredmethods="1"/>
          <line num="2" count="4" type="stmt"/>
          <line num="4" count="4" type="stmt"/>
        </file>
        <file name="createList.js" path="/home/makro/0001/scrollnav/src/util/createList.js">
          <metrics statements="6" coveredstatements="6" conditionals="7" coveredconditionals="7" methods="2" coveredmethods="2"/>
          <line num="2" count="27" type="cond" truecount="2" falsecount="0"/>
          <line num="3" count="27" type="stmt"/>
          <line num="5" count="27" type="stmt"/>
          <line num="9" count="75" type="stmt"/>
          <line num="21" count="27" type="stmt"/>
          <line num="27" count="27" type="stmt"/>
        </file>
        <file name="createNav.js" path="/home/makro/0001/scrollnav/src/util/createNav.js">
          <metrics statements="4" coveredstatements="4" conditionals="0" coveredconditionals="0" methods="1" coveredmethods="1"/>
          <line num="4" count="17" type="stmt"/>
          <line num="5" count="17" type="stmt"/>
          <line num="6" count="17" type="stmt"/>
          <line num="8" count="17" type="stmt"/>
        </file>
        <file name="easing.js" path="/home/makro/0001/scrollnav/src/util/easing.js">
          <metrics statements="5" coveredstatements="5" conditionals="2" coveredconditionals="2" methods="6" coveredmethods="6"/>
          <line num="3" count="26" type="stmt"/>
          <line num="4" count="30" type="stmt"/>
          <line num="5" count="25" type="stmt"/>
          <line num="6" count="16" type="cond" truecount="2" falsecount="0"/>
          <line num="8" count="5" type="stmt"/>
        </file>
        <file name="extend.js" path="/home/makro/0001/scrollnav/src/util/extend.js">
          <metrics statements="8" coveredstatements="8" conditionals="4" coveredconditionals="2" methods="1" coveredmethods="1"/>
          <line num="4" count="32" type="stmt"/>
          <line num="7" count="32" type="stmt"/>
          <line num="8" count="160" type="cond" truecount="1" falsecount="1"/>
          <line num="9" count="160" type="stmt"/>
          <line num="13" count="32" type="stmt"/>
          <line num="14" count="30" type="cond" truecount="1" falsecount="1"/>
          <line num="15" count="30" type="stmt"/>
          <line num="19" count="32" type="stmt"/>
        </file>
        <file name="getActiveSection.js" path="/home/makro/0001/scrollnav/src/util/getActiveSection.js">
          <metrics statements="10" coveredstatements="9" conditionals="12" coveredconditionals="10" methods="2" coveredmethods="2"/>
          <line num="4" count="10" type="stmt"/>
          <line num="5" count="28" type="cond" truecount="2" falsecount="0"/>
          <line num="6" count="14" type="cond" truecount="3" falsecount="1"/>
          <line num="7" count="0" type="stmt"/>
          <line num="10" count="14" type="stmt"/>
          <line num="14" count="10" type="cond" truecount="4" falsecount="0"/>
          <line num="17" count="1" type="stmt"/>
          <line num="23" count="1" type="cond" truecount="1" falsecount="1"/>
          <line num="24" count="1" type="stmt"/>
          <line num="28" count="10" type="stmt"/>
        </file>
        <file name="getOrSetID.js" path="/home/makro/0001/scrollnav/src/util/getOrSetID.js">
          <metrics statements="9" coveredstatements="9" conditionals="6" coveredconditionals="6" methods="1" coveredmethods="1"/>
          <line num="2" count="58" type="cond" truecount="2" falsecount="0"/>
          <line num="3" count="1" type="stmt"/>
          <line num="6" count="57" type="stmt"/>
          <line num="8" count="57" type="cond" truecount="2" falsecount="0"/>
          <line num="9" count="4" type="cond" truecount="2" falsecount="0"/>
          <line num="10" count="1" type="stmt"/>
          <line num="13" count="3" type="stmt"/>
          <line num="14" count="3" type="stmt"/>
          <line num="16" count="56" type="stmt"/>
        </file>
        <file name="getTargetYPosition.js" path="/home/makro/0001/scrollnav/src/util/getTargetYPosition.js">
          <metrics statements="11" coveredstatements="11" conditionals="8" coveredconditionals="7" methods="3" coveredmethods="3"/>
          <line num="2" count="3" type="stmt"/>
          <line num="3" count="3" type="cond" truecount="1" falsecount="1"/>
          <line num="4" count="3" type="stmt"/>
          <line num="7" count="3" type="stmt"/>
          <line num="9" count="3" type="stmt"/>
          <line num="15" count="5" type="stmt"/>
          <line num="16" count="10" type="cond" truecount="2" falsecount="0"/>
          <line num="17" count="3" type="stmt"/>
          <line num="20" count="10" type="cond" truecount="4" falsecount="0"/>
          <line num="21" count="2" type="stmt"/>
          <line num="25" count="5" type="stmt"/>
        </file>
        <file name="getYPosition.js" path="/home/makro/0001/scrollnav/src/util/getYPosition.js">
          <metrics statements="8" coveredstatements="8" conditionals="6" coveredconditionals="6" methods="1" coveredmethods="1"/>
          <line num="2" count="73" type="cond" truecount="2" falsecount="0"/>
          <line num="3" count="1" type="stmt"/>
          <line num="6" count="72" type="cond" truecount="2" falsecount="0"/>
          <line num="7" count="72" type="cond" truecount="2" falsecount="0"/>
          <line num="8" count="1" type="stmt"/>
          <line num="11" count="71" type="stmt"/>
          <line num="12" count="71" type="stmt"/>
          <line num="14" count="71" type="stmt"/>
        </file>
        <file name="insertNav.js" path="/home/makro/0001/scrollnav/src/util/insertNav.js">
          <metrics statements="10" coveredstatements="10" conditionals="8" coveredconditionals="7" methods="1" coveredmethods="1"/>
          <line num="2" count="19" type="stmt"/>
          <line num="3" count="19" type="stmt"/>
          <line num="5" count="19" type="cond" truecount="2" falsecount="0"/>
          <line num="6" count="2" type="stmt"/>
          <line num="7" count="17" type="cond" truecount="2" falsecount="0"/>
          <line num="8" count="2" type="stmt"/>
          <line num="9" count="15" type="cond" truecount="2" falsecount="0"/>
          <line num="10" count="13" type="stmt"/>
          <line num="11" count="2" type="cond" truecount="1" falsecount="1"/>
          <line num="12" count="2" type="stmt"/>
        </file>
        <file name="insertVisualDebugger.js" path="/home/makro/0001/scrollnav/src/util/insertVisualDebugger.js">
          <metrics statements="4" coveredstatements="4" conditionals="0" coveredconditionals="0" methods="1" coveredmethods="1"/>
          <line num="2" count="8" type="stmt"/>
          <line num="3" count="8" type="stmt"/>
          <line num="5" count="8" type="stmt"/>
          <line num="19" count="8" type="stmt"/>
        </file>
        <file name="nextUntil.js" path="/home/makro/0001/scrollnav/src/util/nextUntil.js">
          <metrics statements="10" coveredstatements="10" conditionals="6" coveredconditionals="6" methods="1" coveredmethods="1"/>
          <line num="4" count="4" type="stmt"/>
          <line num="6" count="4" type="stmt"/>
          <line num="8" count="4" type="stmt"/>
          <line num="9" count="12" type="cond" truecount="2" falsecount="0"/>
          <line num="11" count="9" type="cond" truecount="4" falsecount="0"/>
          <line num="12" count="7" type="stmt"/>
          <line num="13" count="7" type="stmt"/>
          <line num="16" count="2" type="stmt"/>
          <line num="18" count="2" type="stmt"/>
          <line num="21" count="4" type="stmt"/>
        </file>
        <file name="populateSectionData.js" path="/home/makro/0001/scrollnav/src/util/populateSectionData.js">
          <metrics statements="10" coveredstatements="10" conditionals="7" coveredconditionals="7" methods="2" coveredmethods="2"/>
          <line num="10" count="20" type="stmt"/>
          <line num="11" count="20" type="stmt"/>
          <line num="13" count="20" type="stmt"/>
          <line num="14" count="52" type="stmt"/>
          <line num="15" count="52" type="stmt"/>
          <line num="17" count="52" type="cond" truecount="4" falsecount="0"/>
          <line num="18" count="3" type="stmt"/>
          <line num="23" count="3" type="stmt"/>
          <line num="26" count="52" type="stmt"/>
          <line num="34" count="20" type="stmt"/>
        </file>
        <file name="updateActiveNavItem.js" path="/home/makro/0001/scrollnav/src/util/updateActiveNavItem.js">
          <metrics statements="13" coveredstatements="13" conditionals="10" coveredconditionals="9" methods="1" coveredmethods="1"/>
          <line num="2" count="10" type="stmt"/>
          <line num="4" count="10" type="cond" truecount="2" falsecount="0"/>
          <line num="5" count="2" type="cond" truecount="1" falsecount="1"/>
          <line num="6" count="2" type="stmt"/>
          <line num="7" count="2" type="stmt"/>
          <line num="10" count="2" type="stmt"/>
          <line num="13" count="8" type="stmt"/>
          <line num="17" count="8" type="cond" truecount="4" falsecount="0"/>
          <line num="18" count="7" type="cond" truecount="2" falsecount="0"/>
          <line num="19" count="3" type="stmt"/>
          <line num="20" count="3" type="stmt"/>
          <line num="22" count="7" type="stmt"/>
          <line num="23" count="7" type="stmt"/>
        </file>
        <file name="updatePositionData.js" path="/home/makro/0001/scrollnav/src/util/updatePositionData.js">
          <metrics statements="6" coveredstatements="6" conditionals="2" coveredconditionals="2" methods="2" coveredmethods="2"/>
          <line num="4" count="6" type="stmt"/>
          <line num="5" count="16" type="stmt"/>
          <line num="6" count="16" type="stmt"/>
          <line num="8" count="16" type="cond" truecount="2" falsecount="0"/>
          <line num="9" count="1" type="stmt"/>
          <line num="13" count="6" type="stmt"/>
        </file>
      </package>
    </metrics>
  </project>
</coverage>
