{"/home/makro/0001/scrollnav/src/scrollTo.js": {"path":"/home/makro/0001/scrollnav/src/scrollTo.js","statementMap":{"0":{"start":{"line":6,"column":2},"end":{"line":39,"column":5}},"1":{"start":{"line":7,"column":4},"end":{"line":9,"column":5}},"2":{"start":{"line":8,"column":6},"end":{"line":8,"column":66}},"3":{"start":{"line":11,"column":4},"end":{"line":11,"column":42}},"4":{"start":{"line":12,"column":4},"end":{"line":14,"column":5}},"5":{"start":{"line":13,"column":6},"end":{"line":13,"column":67}},"6":{"start":{"line":16,"column":29},"end":{"line":16,"column":47}},"7":{"start":{"line":17,"column":21},"end":{"line":17,"column":54}},"8":{"start":{"line":18,"column":21},"end":{"line":18,"column":54}},"9":{"start":{"line":19,"column":22},"end":{"line":19,"column":24}},"10":{"start":{"line":20,"column":22},"end":{"line":20,"column":38}},"11":{"start":{"line":21,"column":23},"end":{"line":21,"column":24}},"12":{"start":{"line":26,"column":6},"end":{"line":26,"column":32}},"13":{"start":{"line":27,"column":6},"end":{"line":27,"column":63}},"14":{"start":{"line":28,"column":6},"end":{"line":28,"column":53}},"15":{"start":{"line":29,"column":6},"end":{"line":29,"column":29}},"16":{"start":{"line":31,"column":6},"end":{"line":35,"column":7}},"17":{"start":{"line":32,"column":8},"end":{"line":32,"column":45}},"18":{"start":{"line":34,"column":8},"end":{"line":34,"column":36}},"19":{"start":{"line":38,"column":4},"end":{"line":38,"column":20}}},"fnMap":{"0":{"name":"scrollTo","decl":{"start":{"line":5,"column":24},"end":{"line":5,"column":32}},"loc":{"start":{"line":5,"column":62},"end":{"line":40,"column":1}},"line":5},"1":{"name":"(anonymous_1)","decl":{"start":{"line":6,"column":21},"end":{"line":6,"column":22}},"loc":{"start":{"line":6,"column":42},"end":{"line":39,"column":3}},"line":6},"2":{"name":"animateScroll","decl":{"start":{"line":25,"column":13},"end":{"line":25,"column":26}},"loc":{"start":{"line":25,"column":29},"end":{"line":36,"column":5}},"line":25}},"branchMap":{"0":{"loc":{"start":{"line":7,"column":4},"end":{"line":9,"column":5}},"type":"if","locations":[{"start":{"line":7,"column":4},"end":{"line":9,"column":5}},{"start":{"line":7,"column":4},"end":{"line":9,"column":5}}],"line":7},"1":{"loc":{"start":{"line":11,"column":18},"end":{"line":11,"column":41}},"type":"binary-expr","locations":[{"start":{"line":11,"column":18},"end":{"line":11,"column":29}},{"start":{"line":11,"column":33},"end":{"line":11,"column":41}}],"line":11},"2":{"loc":{"start":{"line":12,"column":4},"end":{"line":14,"column":5}},"type":"if","locations":[{"start":{"line":12,"column":4},"end":{"line":14,"column":5}},{"start":{"line":12,"column":4},"end":{"line":14,"column":5}}],"line":12},"3":{"loc":{"start":{"line":31,"column":6},"end":{"line":35,"column":7}},"type":"if","locations":[{"start":{"line":31,"column":6},"end":{"line":35,"column":7}},{"start":{"line":31,"column":6},"end":{"line":35,"column":7}}],"line":31}},"s":{"0":3,"1":3,"2":1,"3":2,"4":2,"5":1,"6":1,"7":1,"8":1,"9":1,"10":1,"11":1,"12":1,"13":1,"14":1,"15":1,"16":1,"17":1,"18":0,"19":1},"f":{"0":3,"1":3,"2":1},"b":{"0":[1,2],"1":[2,1],"2":[1,1],"3":[1,0]},"_coverageSchema":"332fd63041d2c1bcb487cc26dd0d5f7d97098a6c","hash":"f9137a401d26a2f921d83edacff8453ceb22c11f"}
,"/home/makro/0001/scrollnav/src/scrollnav.js": {"path":"/home/makro/0001/scrollnav/src/scrollnav.js","statementMap":{"0":{"start":{"line":27,"column":2},"end":{"line":27,"column":36}},"1":{"start":{"line":31,"column":19},"end":{"line":37,"column":3}},"2":{"start":{"line":38,"column":2},"end":{"line":38,"column":44}},"3":{"start":{"line":39,"column":26},"end":{"line":39,"column":66}},"4":{"start":{"line":41,"column":2},"end":{"line":49,"column":3}},"5":{"start":{"line":42,"column":4},"end":{"line":47,"column":5}},"6":{"start":{"line":44,"column":6},"end":{"line":46,"column":9}},"7":{"start":{"line":48,"column":4},"end":{"line":48,"column":11}},"8":{"start":{"line":51,"column":2},"end":{"line":59,"column":3}},"9":{"start":{"line":52,"column":4},"end":{"line":57,"column":5}},"10":{"start":{"line":54,"column":6},"end":{"line":56,"column":9}},"11":{"start":{"line":58,"column":4},"end":{"line":58,"column":11}},"12":{"start":{"line":61,"column":2},"end":{"line":71,"column":3}},"13":{"start":{"line":62,"column":4},"end":{"line":69,"column":5}},"14":{"start":{"line":64,"column":6},"end":{"line":68,"column":9}},"15":{"start":{"line":70,"column":4},"end":{"line":70,"column":11}},"16":{"start":{"line":73,"column":22},"end":{"line":73,"column":67}},"17":{"start":{"line":75,"column":2},"end":{"line":84,"column":3}},"18":{"start":{"line":76,"column":4},"end":{"line":82,"column":5}},"19":{"start":{"line":78,"column":6},"end":{"line":81,"column":9}},"20":{"start":{"line":83,"column":4},"end":{"line":83,"column":11}},"21":{"start":{"line":86,"column":2},"end":{"line":86,"column":62}},"22":{"start":{"line":87,"column":2},"end":{"line":87,"column":34}},"23":{"start":{"line":89,"column":2},"end":{"line":89,"column":18}},"24":{"start":{"line":90,"column":2},"end":{"line":90,"column":42}},"25":{"start":{"line":91,"column":2},"end":{"line":91,"column":43}},"26":{"start":{"line":92,"column":2},"end":{"line":92,"column":43}},"27":{"start":{"line":94,"column":2},"end":{"line":94,"column":50}},"28":{"start":{"line":94,"column":27},"end":{"line":94,"column":50}},"29":{"start":{"line":95,"column":2},"end":{"line":95,"column":58}},"30":{"start":{"line":95,"column":28},"end":{"line":95,"column":58}},"31":{"start":{"line":99,"column":2},"end":{"line":99,"column":49}},"32":{"start":{"line":101,"column":2},"end":{"line":101,"column":48}},"33":{"start":{"line":102,"column":2},"end":{"line":102,"column":39}},"34":{"start":{"line":103,"column":2},"end":{"line":103,"column":39}},"35":{"start":{"line":104,"column":2},"end":{"line":104,"column":20}},"36":{"start":{"line":106,"column":2},"end":{"line":106,"column":64}},"37":{"start":{"line":106,"column":31},"end":{"line":106,"column":64}},"38":{"start":{"line":110,"column":2},"end":{"line":110,"column":49}},"39":{"start":{"line":111,"column":2},"end":{"line":111,"column":44}},"40":{"start":{"line":113,"column":2},"end":{"line":113,"column":80}},"41":{"start":{"line":113,"column":39},"end":{"line":113,"column":80}},"42":{"start":{"line":116,"column":18},"end":{"line":120,"column":1}}},"fnMap":{"0":{"name":"isElement","decl":{"start":{"line":26,"column":9},"end":{"line":26,"column":18}},"loc":{"start":{"line":26,"column":28},"end":{"line":28,"column":1}},"line":26},"1":{"name":"init","decl":{"start":{"line":30,"column":9},"end":{"line":30,"column":13}},"loc":{"start":{"line":30,"column":29},"end":{"line":96,"column":1}},"line":30},"2":{"name":"destroy","decl":{"start":{"line":98,"column":9},"end":{"line":98,"column":16}},"loc":{"start":{"line":98,"column":26},"end":{"line":107,"column":1}},"line":98},"3":{"name":"updatePositions","decl":{"start":{"line":109,"column":9},"end":{"line":109,"column":24}},"loc":{"start":{"line":109,"column":34},"end":{"line":114,"column":1}},"line":109}},"branchMap":{"0":{"loc":{"start":{"line":41,"column":2},"end":{"line":49,"column":3}},"type":"if","locations":[{"start":{"line":41,"column":2},"end":{"line":49,"column":3}},{"start":{"line":41,"column":2},"end":{"line":49,"column":3}}],"line":41},"1":{"loc":{"start":{"line":42,"column":4},"end":{"line":47,"column":5}},"type":"if","locations":[{"start":{"line":42,"column":4},"end":{"line":47,"column":5}},{"start":{"line":42,"column":4},"end":{"line":47,"column":5}}],"line":42},"2":{"loc":{"start":{"line":51,"column":2},"end":{"line":59,"column":3}},"type":"if","locations":[{"start":{"line":51,"column":2},"end":{"line":59,"column":3}},{"start":{"line":51,"column":2},"end":{"line":59,"column":3}}],"line":51},"3":{"loc":{"start":{"line":51,"column":6},"end":{"line":51,"column":74}},"type":"binary-expr","locations":[{"start":{"line":51,"column":6},"end":{"line":51,"column":32}},{"start":{"line":51,"column":36},"end":{"line":51,"column":74}}],"line":51},"4":{"loc":{"start":{"line":52,"column":4},"end":{"line":57,"column":5}},"type":"if","locations":[{"start":{"line":52,"column":4},"end":{"line":57,"column":5}},{"start":{"line":52,"column":4},"end":{"line":57,"column":5}}],"line":52},"5":{"loc":{"start":{"line":61,"column":2},"end":{"line":71,"column":3}},"type":"if","locations":[{"start":{"line":61,"column":2},"end":{"line":71,"column":3}},{"start":{"line":61,"column":2},"end":{"line":71,"column":3}}],"line":61},"6":{"loc":{"start":{"line":62,"column":4},"end":{"line":69,"column":5}},"type":"if","locations":[{"start":{"line":62,"column":4},"end":{"line":69,"column":5}},{"start":{"line":62,"column":4},"end":{"line":69,"column":5}}],"line":62},"7":{"loc":{"start":{"line":75,"column":2},"end":{"line":84,"column":3}},"type":"if","locations":[{"start":{"line":75,"column":2},"end":{"line":84,"column":3}},{"start":{"line":75,"column":2},"end":{"line":84,"column":3}}],"line":75},"8":{"loc":{"start":{"line":76,"column":4},"end":{"line":82,"column":5}},"type":"if","locations":[{"start":{"line":76,"column":4},"end":{"line":82,"column":5}},{"start":{"line":76,"column":4},"end":{"line":82,"column":5}}],"line":76},"9":{"loc":{"start":{"line":94,"column":2},"end":{"line":94,"column":50}},"type":"if","locations":[{"start":{"line":94,"column":2},"end":{"line":94,"column":50}},{"start":{"line":94,"column":2},"end":{"line":94,"column":50}}],"line":94},"10":{"loc":{"start":{"line":95,"column":2},"end":{"line":95,"column":58}},"type":"if","locations":[{"start":{"line":95,"column":2},"end":{"line":95,"column":58}},{"start":{"line":95,"column":2},"end":{"line":95,"column":58}}],"line":95},"11":{"loc":{"start":{"line":106,"column":2},"end":{"line":106,"column":64}},"type":"if","locations":[{"start":{"line":106,"column":2},"end":{"line":106,"column":64}},{"start":{"line":106,"column":2},"end":{"line":106,"column":64}}],"line":106},"12":{"loc":{"start":{"line":113,"column":2},"end":{"line":113,"column":80}},"type":"if","locations":[{"start":{"line":113,"column":2},"end":{"line":113,"column":80}},{"start":{"line":113,"column":2},"end":{"line":113,"column":80}}],"line":113}},"s":{"0":50,"1":27,"2":27,"3":27,"4":27,"5":4,"6":1,"7":4,"8":23,"9":4,"10":1,"11":4,"12":19,"13":2,"14":1,"15":2,"16":17,"17":17,"18":2,"19":1,"20":2,"21":15,"22":15,"23":15,"24":15,"25":15,"26":15,"27":15,"28":7,"29":15,"30":1,"31":2,"32":2,"33":2,"34":2,"35":2,"36":2,"37":1,"38":2,"39":2,"40":2,"41":1,"42":1},"f":{"0":50,"1":27,"2":2,"3":2},"b":{"0":[4,23],"1":[1,3],"2":[4,19],"3":[23,23],"4":[1,3],"5":[2,17],"6":[1,1],"7":[2,15],"8":[1,1],"9":[7,8],"10":[1,14],"11":[1,1],"12":[1,1]},"_coverageSchema":"332fd63041d2c1bcb487cc26dd0d5f7d97098a6c","hash":"eeea23e5297e9887f17fe08dd0c8036cda403595"}
,"/home/makro/0001/scrollnav/src/setupClickHandlers.js": {"path":"/home/makro/0001/scrollnav/src/setupClickHandlers.js","statementMap":{"0":{"start":{"line":5,"column":19},"end":{"line":5,"column":37}},"1":{"start":{"line":7,"column":4},"end":{"line":7,"column":27}},"2":{"start":{"line":9,"column":23},"end":{"line":9,"column":48}},"3":{"start":{"line":10,"column":28},"end":{"line":10,"column":76}},"4":{"start":{"line":11,"column":26},"end":{"line":11,"column":54}},"5":{"start":{"line":25,"column":16},"end":{"line":25,"column":51}},"6":{"start":{"line":26,"column":2},"end":{"line":28,"column":5}},"7":{"start":{"line":27,"column":4},"end":{"line":27,"column":49}},"8":{"start":{"line":30,"column":2},"end":{"line":30,"column":22}}},"fnMap":{"0":{"name":"setupClickHandlers","decl":{"start":{"line":4,"column":24},"end":{"line":4,"column":42}},"loc":{"start":{"line":4,"column":54},"end":{"line":31,"column":1}},"line":4},"1":{"name":"clickHandler","decl":{"start":{"line":6,"column":11},"end":{"line":6,"column":23}},"loc":{"start":{"line":6,"column":31},"end":{"line":23,"column":3}},"line":6},"2":{"name":"(anonymous_2)","decl":{"start":{"line":26,"column":16},"end":{"line":26,"column":17}},"loc":{"start":{"line":26,"column":24},"end":{"line":28,"column":3}},"line":26}},"branchMap":{},"s":{"0":17,"1":1,"2":1,"3":1,"4":1,"5":17,"6":17,"7":51,"8":17},"f":{"0":17,"1":1,"2":51},"b":{},"_coverageSchema":"332fd63041d2c1bcb487cc26dd0d5f7d97098a6c","hash":"88c6724a06aa96238b617b8e5b4c267540541ad1"}
,"/home/makro/0001/scrollnav/src/setupResizeHandler.js": {"path":"/home/makro/0001/scrollnav/src/setupResizeHandler.js","statementMap":{"0":{"start":{"line":5,"column":4},"end":{"line":5,"column":56}},"1":{"start":{"line":8,"column":2},"end":{"line":8,"column":51}},"2":{"start":{"line":10,"column":2},"end":{"line":10,"column":23}}},"fnMap":{"0":{"name":"setupResizeHandler","decl":{"start":{"line":3,"column":24},"end":{"line":3,"column":42}},"loc":{"start":{"line":3,"column":54},"end":{"line":11,"column":1}},"line":3},"1":{"name":"resizeHandler","decl":{"start":{"line":4,"column":11},"end":{"line":4,"column":24}},"loc":{"start":{"line":4,"column":27},"end":{"line":6,"column":3}},"line":4}},"branchMap":{},"s":{"0":1,"1":17,"2":17},"f":{"0":17,"1":1},"b":{},"_coverageSchema":"332fd63041d2c1bcb487cc26dd0d5f7d97098a6c","hash":"a5d8857a5104e1c881102515f6ea5feaf92575c9"}
,"/home/makro/0001/scrollnav/src/setupScrollHandler.js": {"path":"/home/makro/0001/scrollnav/src/setupScrollHandler.js","statementMap":{"0":{"start":{"line":6,"column":16},"end":{"line":6,"column":79}},"1":{"start":{"line":7,"column":23},"end":{"line":7,"column":26}},"2":{"start":{"line":8,"column":26},"end":{"line":8,"column":56}},"3":{"start":{"line":9,"column":26},"end":{"line":13,"column":5}},"4":{"start":{"line":15,"column":4},"end":{"line":15,"column":54}},"5":{"start":{"line":17,"column":4},"end":{"line":17,"column":25}},"6":{"start":{"line":20,"column":2},"end":{"line":20,"column":51}},"7":{"start":{"line":22,"column":2},"end":{"line":22,"column":23}}},"fnMap":{"0":{"name":"setupScrollHandler","decl":{"start":{"line":4,"column":24},"end":{"line":4,"column":42}},"loc":{"start":{"line":4,"column":54},"end":{"line":23,"column":1}},"line":4},"1":{"name":"scrollHandler","decl":{"start":{"line":5,"column":11},"end":{"line":5,"column":24}},"loc":{"start":{"line":5,"column":27},"end":{"line":18,"column":3}},"line":5}},"branchMap":{"0":{"loc":{"start":{"line":6,"column":16},"end":{"line":6,"column":79}},"type":"binary-expr","locations":[{"start":{"line":6,"column":16},"end":{"line":6,"column":30}},{"start":{"line":6,"column":34},"end":{"line":6,"column":52}},{"start":{"line":6,"column":56},"end":{"line":6,"column":79}}],"line":6}},"s":{"0":5,"1":5,"2":5,"3":5,"4":5,"5":5,"6":20,"7":20},"f":{"0":20,"1":5},"b":{"0":[5,5,5]},"_coverageSchema":"332fd63041d2c1bcb487cc26dd0d5f7d97098a6c","hash":"594873a5f3250e10ccb6c2d1f598cc9667cf464d"}
,"/home/makro/0001/scrollnav/src/teardownClickHandlers.js": {"path":"/home/makro/0001/scrollnav/src/teardownClickHandlers.js","statementMap":{"0":{"start":{"line":2,"column":16},"end":{"line":2,"column":41}},"1":{"start":{"line":3,"column":2},"end":{"line":5,"column":5}},"2":{"start":{"line":4,"column":4},"end":{"line":4,"column":52}}},"fnMap":{"0":{"name":"teardownClickHandlers","decl":{"start":{"line":1,"column":24},"end":{"line":1,"column":45}},"loc":{"start":{"line":1,"column":65},"end":{"line":6,"column":1}},"line":1},"1":{"name":"(anonymous_1)","decl":{"start":{"line":3,"column":16},"end":{"line":3,"column":17}},"loc":{"start":{"line":3,"column":24},"end":{"line":5,"column":3}},"line":3}},"branchMap":{},"s":{"0":3,"1":3,"2":9},"f":{"0":3,"1":9},"b":{},"_coverageSchema":"332fd63041d2c1bcb487cc26dd0d5f7d97098a6c","hash":"289b3c8a04a905f264466d997c123ca0982c7333"}
,"/home/makro/0001/scrollnav/src/teardownResizeHandler.js": {"path":"/home/makro/0001/scrollnav/src/teardownResizeHandler.js","statementMap":{"0":{"start":{"line":2,"column":2},"end":{"line":2,"column":54}}},"fnMap":{"0":{"name":"teardownResizelHandler","decl":{"start":{"line":1,"column":24},"end":{"line":1,"column":46}},"loc":{"start":{"line":1,"column":62},"end":{"line":3,"column":1}},"line":1}},"branchMap":{},"s":{"0":3},"f":{"0":3},"b":{},"_coverageSchema":"332fd63041d2c1bcb487cc26dd0d5f7d97098a6c","hash":"83988dcb4a2d683bc1dc60912cedc42b8d257e4f"}
,"/home/makro/0001/scrollnav/src/teardownScrollHandler.js": {"path":"/home/makro/0001/scrollnav/src/teardownScrollHandler.js","statementMap":{"0":{"start":{"line":2,"column":2},"end":{"line":2,"column":54}}},"fnMap":{"0":{"name":"teardownScrollHandler","decl":{"start":{"line":1,"column":24},"end":{"line":1,"column":45}},"loc":{"start":{"line":1,"column":61},"end":{"line":3,"column":1}},"line":1}},"branchMap":{},"s":{"0":4},"f":{"0":4},"b":{},"_coverageSchema":"332fd63041d2c1bcb487cc26dd0d5f7d97098a6c","hash":"dd11db4330d53cd2c7fbb1356b651eb86b29f3f9"}
,"/home/makro/0001/scrollnav/src/util/calculateScrollDuration.js": {"path":"/home/makro/0001/scrollnav/src/util/calculateScrollDuration.js","statementMap":{"0":{"start":{"line":2,"column":23},"end":{"line":2,"column":45}},"1":{"start":{"line":4,"column":2},"end":{"line":4,"column":53}}},"fnMap":{"0":{"name":"calculateScrollDuration","decl":{"start":{"line":1,"column":24},"end":{"line":1,"column":47}},"loc":{"start":{"line":1,"column":58},"end":{"line":5,"column":1}},"line":1}},"branchMap":{},"s":{"0":4,"1":4},"f":{"0":4},"b":{},"_coverageSchema":"332fd63041d2c1bcb487cc26dd0d5f7d97098a6c","hash":"0f3f80ab429cef6c43f7d929a19750edee3d7094"}
,"/home/makro/0001/scrollnav/src/util/createList.js": {"path":"/home/makro/0001/scrollnav/src/util/createList.js","statementMap":{"0":{"start":{"line":2,"column":17},"end":{"line":2,"column":44}},"1":{"start":{"line":3,"column":20},"end":{"line":3,"column":41}},"2":{"start":{"line":5,"column":15},"end":{"line":5,"column":43}},"3":{"start":{"line":6,"column":2},"end":{"line":6,"column":43}},"4":{"start":{"line":8,"column":2},"end":{"line":23,"column":4}},"5":{"start":{"line":9,"column":17},"end":{"line":9,"column":45}},"6":{"start":{"line":10,"column":4},"end":{"line":10,"column":45}},"7":{"start":{"line":11,"column":4},"end":{"line":11,"column":52}},"8":{"start":{"line":12,"column":4},"end":{"line":12,"column":31}},"9":{"start":{"line":14,"column":16},"end":{"line":14,"column":43}},"10":{"start":{"line":15,"column":4},"end":{"line":15,"column":44}},"11":{"start":{"line":16,"column":4},"end":{"line":16,"column":40}},"12":{"start":{"line":17,"column":19},"end":{"line":17,"column":53}},"13":{"start":{"line":18,"column":4},"end":{"line":18,"column":32}},"14":{"start":{"line":19,"column":4},"end":{"line":19,"column":29}},"15":{"start":{"line":21,"column":18},"end":{"line":21,"column":52}},"16":{"start":{"line":22,"column":4},"end":{"line":22,"column":31}},"17":{"start":{"line":25,"column":13},"end":{"line":25,"column":46}},"18":{"start":{"line":26,"column":2},"end":{"line":26,"column":26}},"19":{"start":{"line":28,"column":2},"end":{"line":28,"column":14}}},"fnMap":{"0":{"name":"createList","decl":{"start":{"line":1,"column":24},"end":{"line":1,"column":34}},"loc":{"start":{"line":1,"column":60},"end":{"line":29,"column":1}},"line":1},"1":{"name":"(anonymous_1)","decl":{"start":{"line":8,"column":15},"end":{"line":8,"column":16}},"loc":{"start":{"line":8,"column":37},"end":{"line":23,"column":3}},"line":8}},"branchMap":{"0":{"loc":{"start":{"line":1,"column":41},"end":{"line":1,"column":58}},"type":"default-arg","locations":[{"start":{"line":1,"column":53},"end":{"line":1,"column":58}}],"line":1},"1":{"loc":{"start":{"line":2,"column":17},"end":{"line":2,"column":44}},"type":"cond-expr","locations":[{"start":{"line":2,"column":29},"end":{"line":2,"column":37}},{"start":{"line":2,"column":40},"end":{"line":2,"column":44}}],"line":2}},"s":{"0":99,"1":99,"2":99,"3":99,"4":99,"5":75,"6":75,"7":75,"8":75,"9":75,"10":75,"11":75,"12":75,"13":75,"14":75,"15":75,"16":75,"17":99,"18":99,"19":99},"f":{"0":99,"1":75},"b":{"0":[24],"1":[75,24]},"_coverageSchema":"332fd63041d2c1bcb487cc26dd0d5f7d97098a6c","hash":"e62776a7473885d446d2e47aed22f76b07e91195"}
,"/home/makro/0001/scrollnav/src/util/createNav.js": {"path":"/home/makro/0001/scrollnav/src/util/createNav.js","statementMap":{"0":{"start":{"line":4,"column":14},"end":{"line":4,"column":43}},"1":{"start":{"line":5,"column":2},"end":{"line":5,"column":31}},"2":{"start":{"line":6,"column":2},"end":{"line":6,"column":37}},"3":{"start":{"line":8,"column":2},"end":{"line":8,"column":13}}},"fnMap":{"0":{"name":"createNav","decl":{"start":{"line":3,"column":24},"end":{"line":3,"column":33}},"loc":{"start":{"line":3,"column":40},"end":{"line":9,"column":1}},"line":3}},"branchMap":{},"s":{"0":17,"1":17,"2":17,"3":17},"f":{"0":17},"b":{},"_coverageSchema":"332fd63041d2c1bcb487cc26dd0d5f7d97098a6c","hash":"3a1a9b4a56d372e5f4e67e96d3741553a0a3026d"}
,"/home/makro/0001/scrollnav/src/util/easing.js": {"path":"/home/makro/0001/scrollnav/src/util/easing.js","statementMap":{"0":{"start":{"line":3,"column":15},"end":{"line":3,"column":39}},"1":{"start":{"line":3,"column":20},"end":{"line":3,"column":39}},"2":{"start":{"line":3,"column":25},"end":{"line":3,"column":39}},"3":{"start":{"line":4,"column":16},"end":{"line":4,"column":58}},"4":{"start":{"line":4,"column":21},"end":{"line":4,"column":58}},"5":{"start":{"line":4,"column":26},"end":{"line":4,"column":58}},"6":{"start":{"line":5,"column":18},"end":{"line":6,"column":66}},"7":{"start":{"line":5,"column":23},"end":{"line":6,"column":66}},"8":{"start":{"line":6,"column":2},"end":{"line":6,"column":66}},"9":{"start":{"line":8,"column":15},"end":{"line":22,"column":1}}},"fnMap":{"0":{"name":"(anonymous_0)","decl":{"start":{"line":3,"column":15},"end":{"line":3,"column":16}},"loc":{"start":{"line":3,"column":20},"end":{"line":3,"column":39}},"line":3},"1":{"name":"(anonymous_1)","decl":{"start":{"line":3,"column":20},"end":{"line":3,"column":21}},"loc":{"start":{"line":3,"column":25},"end":{"line":3,"column":39}},"line":3},"2":{"name":"(anonymous_2)","decl":{"start":{"line":4,"column":16},"end":{"line":4,"column":17}},"loc":{"start":{"line":4,"column":21},"end":{"line":4,"column":58}},"line":4},"3":{"name":"(anonymous_3)","decl":{"start":{"line":4,"column":21},"end":{"line":4,"column":22}},"loc":{"start":{"line":4,"column":26},"end":{"line":4,"column":58}},"line":4},"4":{"name":"(anonymous_4)","decl":{"start":{"line":5,"column":18},"end":{"line":5,"column":19}},"loc":{"start":{"line":5,"column":23},"end":{"line":6,"column":66}},"line":5},"5":{"name":"(anonymous_5)","decl":{"start":{"line":5,"column":23},"end":{"line":5,"column":24}},"loc":{"start":{"line":6,"column":2},"end":{"line":6,"column":66}},"line":6}},"branchMap":{"0":{"loc":{"start":{"line":6,"column":2},"end":{"line":6,"column":66}},"type":"cond-expr","locations":[{"start":{"line":6,"column":12},"end":{"line":6,"column":32}},{"start":{"line":6,"column":35},"end":{"line":6,"column":66}}],"line":6}},"s":{"0":5,"1":26,"2":18,"3":5,"4":30,"5":22,"6":5,"7":25,"8":16,"9":5},"f":{"0":26,"1":18,"2":30,"3":22,"4":25,"5":16},"b":{"0":[6,10]},"_coverageSchema":"332fd63041d2c1bcb487cc26dd0d5f7d97098a6c","hash":"2e9b4109cf6e7bd54015a2fee53708d5039082ac"}
,"/home/makro/0001/scrollnav/src/util/extend.js": {"path":"/home/makro/0001/scrollnav/src/util/extend.js","statementMap":{"0":{"start":{"line":4,"column":19},"end":{"line":4,"column":21}},"1":{"start":{"line":7,"column":2},"end":{"line":11,"column":3}},"2":{"start":{"line":8,"column":4},"end":{"line":10,"column":5}},"3":{"start":{"line":9,"column":6},"end":{"line":9,"column":38}},"4":{"start":{"line":13,"column":2},"end":{"line":17,"column":3}},"5":{"start":{"line":14,"column":4},"end":{"line":16,"column":5}},"6":{"start":{"line":15,"column":6},"end":{"line":15,"column":37}},"7":{"start":{"line":19,"column":2},"end":{"line":19,"column":18}}},"fnMap":{"0":{"name":"extend","decl":{"start":{"line":3,"column":24},"end":{"line":3,"column":30}},"loc":{"start":{"line":3,"column":50},"end":{"line":20,"column":1}},"line":3}},"branchMap":{"0":{"loc":{"start":{"line":8,"column":4},"end":{"line":10,"column":5}},"type":"if","locations":[{"start":{"line":8,"column":4},"end":{"line":10,"column":5}},{"start":{"line":8,"column":4},"end":{"line":10,"column":5}}],"line":8},"1":{"loc":{"start":{"line":14,"column":4},"end":{"line":16,"column":5}},"type":"if","locations":[{"start":{"line":14,"column":4},"end":{"line":16,"column":5}},{"start":{"line":14,"column":4},"end":{"line":16,"column":5}}],"line":14}},"s":{"0":32,"1":32,"2":160,"3":160,"4":32,"5":30,"6":30,"7":32},"f":{"0":32},"b":{"0":[160,0],"1":[30,0]},"_coverageSchema":"332fd63041d2c1bcb487cc26dd0d5f7d97098a6c","hash":"51d16dd3d416011cacf56e630c4a21bb0d05cdc1"}
,"/home/makro/0001/scrollnav/src/util/getActiveSection.js": {"path":"/home/makro/0001/scrollnav/src/util/getActiveSection.js","statementMap":{"0":{"start":{"line":4,"column":2},"end":{"line":12,"column":5}},"1":{"start":{"line":5,"column":4},"end":{"line":11,"column":5}},"2":{"start":{"line":6,"column":6},"end":{"line":8,"column":7}},"3":{"start":{"line":7,"column":8},"end":{"line":7,"column":32}},"4":{"start":{"line":10,"column":6},"end":{"line":10,"column":30}},"5":{"start":{"line":14,"column":2},"end":{"line":26,"column":3}},"6":{"start":{"line":17,"column":4},"end":{"line":21,"column":6}},"7":{"start":{"line":23,"column":4},"end":{"line":25,"column":5}},"8":{"start":{"line":24,"column":6},"end":{"line":24,"column":39}},"9":{"start":{"line":28,"column":2},"end":{"line":28,"column":23}}},"fnMap":{"0":{"name":"getActiveSection","decl":{"start":{"line":1,"column":24},"end":{"line":1,"column":40}},"loc":{"start":{"line":1,"column":74},"end":{"line":29,"column":1}},"line":1},"1":{"name":"(anonymous_1)","decl":{"start":{"line":4,"column":15},"end":{"line":4,"column":16}},"loc":{"start":{"line":4,"column":26},"end":{"line":12,"column":3}},"line":4}},"branchMap":{"0":{"loc":{"start":{"line":5,"column":4},"end":{"line":11,"column":5}},"type":"if","locations":[{"start":{"line":5,"column":4},"end":{"line":11,"column":5}},{"start":{"line":5,"column":4},"end":{"line":11,"column":5}}],"line":5},"1":{"loc":{"start":{"line":6,"column":6},"end":{"line":8,"column":7}},"type":"if","locations":[{"start":{"line":6,"column":6},"end":{"line":8,"column":7}},{"start":{"line":6,"column":6},"end":{"line":8,"column":7}}],"line":6},"2":{"loc":{"start":{"line":6,"column":10},"end":{"line":6,"column":58}},"type":"binary-expr","locations":[{"start":{"line":6,"column":10},"end":{"line":6,"column":24}},{"start":{"line":6,"column":28},"end":{"line":6,"column":58}}],"line":6},"3":{"loc":{"start":{"line":14,"column":2},"end":{"line":26,"column":3}},"type":"if","locations":[{"start":{"line":14,"column":2},"end":{"line":26,"column":3}},{"start":{"line":14,"column":2},"end":{"line":26,"column":3}}],"line":14},"4":{"loc":{"start":{"line":14,"column":6},"end":{"line":14,"column":55}},"type":"binary-expr","locations":[{"start":{"line":14,"column":6},"end":{"line":14,"column":19}},{"start":{"line":14,"column":23},"end":{"line":14,"column":55}}],"line":14},"5":{"loc":{"start":{"line":23,"column":4},"end":{"line":25,"column":5}},"type":"if","locations":[{"start":{"line":23,"column":4},"end":{"line":25,"column":5}},{"start":{"line":23,"column":4},"end":{"line":25,"column":5}}],"line":23}},"s":{"0":10,"1":28,"2":14,"3":0,"4":14,"5":10,"6":1,"7":1,"8":1,"9":10},"f":{"0":10,"1":28},"b":{"0":[14,14],"1":[0,14],"2":[14,3],"3":[1,9],"4":[10,9],"5":[1,0]},"_coverageSchema":"332fd63041d2c1bcb487cc26dd0d5f7d97098a6c","hash":"acb31f3283364abdf3eb512b415ca22cce28a0c5"}
,"/home/makro/0001/scrollnav/src/util/getOrSetID.js": {"path":"/home/makro/0001/scrollnav/src/util/getOrSetID.js","statementMap":{"0":{"start":{"line":2,"column":2},"end":{"line":4,"column":3}},"1":{"start":{"line":3,"column":4},"end":{"line":3,"column":73}},"2":{"start":{"line":6,"column":11},"end":{"line":6,"column":18}},"3":{"start":{"line":8,"column":2},"end":{"line":15,"column":3}},"4":{"start":{"line":9,"column":4},"end":{"line":11,"column":5}},"5":{"start":{"line":10,"column":6},"end":{"line":10,"column":75}},"6":{"start":{"line":13,"column":4},"end":{"line":13,"column":15}},"7":{"start":{"line":14,"column":4},"end":{"line":14,"column":17}},"8":{"start":{"line":16,"column":2},"end":{"line":16,"column":12}}},"fnMap":{"0":{"name":"getOrSetID","decl":{"start":{"line":1,"column":24},"end":{"line":1,"column":34}},"loc":{"start":{"line":1,"column":48},"end":{"line":17,"column":1}},"line":1}},"branchMap":{"0":{"loc":{"start":{"line":2,"column":2},"end":{"line":4,"column":3}},"type":"if","locations":[{"start":{"line":2,"column":2},"end":{"line":4,"column":3}},{"start":{"line":2,"column":2},"end":{"line":4,"column":3}}],"line":2},"1":{"loc":{"start":{"line":8,"column":2},"end":{"line":15,"column":3}},"type":"if","locations":[{"start":{"line":8,"column":2},"end":{"line":15,"column":3}},{"start":{"line":8,"column":2},"end":{"line":15,"column":3}}],"line":8},"2":{"loc":{"start":{"line":9,"column":4},"end":{"line":11,"column":5}},"type":"if","locations":[{"start":{"line":9,"column":4},"end":{"line":11,"column":5}},{"start":{"line":9,"column":4},"end":{"line":11,"column":5}}],"line":9}},"s":{"0":58,"1":1,"2":57,"3":57,"4":4,"5":1,"6":3,"7":3,"8":56},"f":{"0":58},"b":{"0":[1,57],"1":[4,53],"2":[1,3]},"_coverageSchema":"332fd63041d2c1bcb487cc26dd0d5f7d97098a6c","hash":"1d9a9d68e6d84267b1d2d02d8a7276f42c196f30"}
,"/home/makro/0001/scrollnav/src/util/getTargetYPosition.js": {"path":"/home/makro/0001/scrollnav/src/util/getTargetYPosition.js","statementMap":{"0":{"start":{"line":2,"column":11},"end":{"line":2,"column":38}},"1":{"start":{"line":3,"column":2},"end":{"line":5,"column":3}},"2":{"start":{"line":4,"column":4},"end":{"line":4,"column":22}},"3":{"start":{"line":7,"column":24},"end":{"line":7,"column":44}},"4":{"start":{"line":9,"column":2},"end":{"line":9,"column":33}},"5":{"start":{"line":15,"column":2},"end":{"line":23,"column":5}},"6":{"start":{"line":16,"column":4},"end":{"line":18,"column":5}},"7":{"start":{"line":17,"column":6},"end":{"line":17,"column":30}},"8":{"start":{"line":20,"column":4},"end":{"line":22,"column":5}},"9":{"start":{"line":21,"column":6},"end":{"line":21,"column":58}},"10":{"start":{"line":25,"column":2},"end":{"line":25,"column":23}}},"fnMap":{"0":{"name":"getTargetYPosition","decl":{"start":{"line":1,"column":24},"end":{"line":1,"column":42}},"loc":{"start":{"line":1,"column":57},"end":{"line":10,"column":1}},"line":1},"1":{"name":"filterData","decl":{"start":{"line":12,"column":9},"end":{"line":12,"column":19}},"loc":{"start":{"line":12,"column":30},"end":{"line":26,"column":1}},"line":12},"2":{"name":"(anonymous_2)","decl":{"start":{"line":15,"column":15},"end":{"line":15,"column":16}},"loc":{"start":{"line":15,"column":26},"end":{"line":23,"column":3}},"line":15}},"branchMap":{"0":{"loc":{"start":{"line":3,"column":2},"end":{"line":5,"column":3}},"type":"if","locations":[{"start":{"line":3,"column":2},"end":{"line":5,"column":3}},{"start":{"line":3,"column":2},"end":{"line":5,"column":3}}],"line":3},"1":{"loc":{"start":{"line":16,"column":4},"end":{"line":18,"column":5}},"type":"if","locations":[{"start":{"line":16,"column":4},"end":{"line":18,"column":5}},{"start":{"line":16,"column":4},"end":{"line":18,"column":5}}],"line":16},"2":{"loc":{"start":{"line":20,"column":4},"end":{"line":22,"column":5}},"type":"if","locations":[{"start":{"line":20,"column":4},"end":{"line":22,"column":5}},{"start":{"line":20,"column":4},"end":{"line":22,"column":5}}],"line":20},"3":{"loc":{"start":{"line":20,"column":8},"end":{"line":20,"column":58}},"type":"binary-expr","locations":[{"start":{"line":20,"column":8},"end":{"line":20,"column":27}},{"start":{"line":20,"column":31},"end":{"line":20,"column":58}}],"line":20}},"s":{"0":3,"1":3,"2":3,"3":3,"4":3,"5":5,"6":10,"7":3,"8":10,"9":2,"10":5},"f":{"0":3,"1":5,"2":10},"b":{"0":[3,0],"1":[3,7],"2":[2,8],"3":[10,10]},"_coverageSchema":"332fd63041d2c1bcb487cc26dd0d5f7d97098a6c","hash":"4965a7b49a9e2c2c1defa12f18852b6fec08e0e7"}
,"/home/makro/0001/scrollnav/src/util/getYPosition.js": {"path":"/home/makro/0001/scrollnav/src/util/getYPosition.js","statementMap":{"0":{"start":{"line":2,"column":2},"end":{"line":4,"column":3}},"1":{"start":{"line":3,"column":4},"end":{"line":3,"column":73}},"2":{"start":{"line":6,"column":2},"end":{"line":6,"column":35}},"3":{"start":{"line":7,"column":2},"end":{"line":9,"column":3}},"4":{"start":{"line":8,"column":4},"end":{"line":8,"column":74}},"5":{"start":{"line":11,"column":19},"end":{"line":11,"column":49}},"6":{"start":{"line":12,"column":19},"end":{"line":12,"column":47}},"7":{"start":{"line":14,"column":2},"end":{"line":14,"column":37}}},"fnMap":{"0":{"name":"getYPosition","decl":{"start":{"line":1,"column":24},"end":{"line":1,"column":36}},"loc":{"start":{"line":1,"column":51},"end":{"line":15,"column":1}},"line":1}},"branchMap":{"0":{"loc":{"start":{"line":2,"column":2},"end":{"line":4,"column":3}},"type":"if","locations":[{"start":{"line":2,"column":2},"end":{"line":4,"column":3}},{"start":{"line":2,"column":2},"end":{"line":4,"column":3}}],"line":2},"1":{"loc":{"start":{"line":6,"column":11},"end":{"line":6,"column":34}},"type":"binary-expr","locations":[{"start":{"line":6,"column":11},"end":{"line":6,"column":17}},{"start":{"line":6,"column":21},"end":{"line":6,"column":34}}],"line":6},"2":{"loc":{"start":{"line":7,"column":2},"end":{"line":9,"column":3}},"type":"if","locations":[{"start":{"line":7,"column":2},"end":{"line":9,"column":3}},{"start":{"line":7,"column":2},"end":{"line":9,"column":3}}],"line":7}},"s":{"0":73,"1":1,"2":72,"3":72,"4":1,"5":71,"6":71,"7":71},"f":{"0":73},"b":{"0":[1,72],"1":[72,70],"2":[1,71]},"_coverageSchema":"332fd63041d2c1bcb487cc26dd0d5f7d97098a6c","hash":"4f35e64908308fa60fb62f2f659533467c4dbd13"}
,"/home/makro/0001/scrollnav/src/util/insertNav.js": {"path":"/home/makro/0001/scrollnav/src/util/insertNav.js","statementMap":{"0":{"start":{"line":2,"column":17},"end":{"line":2,"column":48}},"1":{"start":{"line":3,"column":19},"end":{"line":3,"column":52}},"2":{"start":{"line":5,"column":2},"end":{"line":13,"column":3}},"3":{"start":{"line":6,"column":4},"end":{"line":6,"column":38}},"4":{"start":{"line":7,"column":9},"end":{"line":13,"column":3}},"5":{"start":{"line":8,"column":4},"end":{"line":8,"column":58}},"6":{"start":{"line":9,"column":9},"end":{"line":13,"column":3}},"7":{"start":{"line":10,"column":4},"end":{"line":10,"column":58}},"8":{"start":{"line":11,"column":9},"end":{"line":13,"column":3}},"9":{"start":{"line":12,"column":4},"end":{"line":12,"column":70}}},"fnMap":{"0":{"name":"insertNav","decl":{"start":{"line":1,"column":24},"end":{"line":1,"column":33}},"loc":{"start":{"line":1,"column":45},"end":{"line":14,"column":1}},"line":1}},"branchMap":{"0":{"loc":{"start":{"line":5,"column":2},"end":{"line":13,"column":3}},"type":"if","locations":[{"start":{"line":5,"column":2},"end":{"line":13,"column":3}},{"start":{"line":5,"column":2},"end":{"line":13,"column":3}}],"line":5},"1":{"loc":{"start":{"line":7,"column":9},"end":{"line":13,"column":3}},"type":"if","locations":[{"start":{"line":7,"column":9},"end":{"line":13,"column":3}},{"start":{"line":7,"column":9},"end":{"line":13,"column":3}}],"line":7},"2":{"loc":{"start":{"line":9,"column":9},"end":{"line":13,"column":3}},"type":"if","locations":[{"start":{"line":9,"column":9},"end":{"line":13,"column":3}},{"start":{"line":9,"column":9},"end":{"line":13,"column":3}}],"line":9},"3":{"loc":{"start":{"line":11,"column":9},"end":{"line":13,"column":3}},"type":"if","locations":[{"start":{"line":11,"column":9},"end":{"line":13,"column":3}},{"start":{"line":11,"column":9},"end":{"line":13,"column":3}}],"line":11}},"s":{"0":19,"1":19,"2":19,"3":2,"4":17,"5":2,"6":15,"7":13,"8":2,"9":2},"f":{"0":19},"b":{"0":[2,17],"1":[2,15],"2":[13,2],"3":[2,0]},"_coverageSchema":"332fd63041d2c1bcb487cc26dd0d5f7d97098a6c","hash":"5beb8b10de4323e20c8ce232bd99173dd32196a4"}
,"/home/makro/0001/scrollnav/src/util/insertVisualDebugger.js": {"path":"/home/makro/0001/scrollnav/src/util/insertVisualDebugger.js","statementMap":{"0":{"start":{"line":2,"column":21},"end":{"line":2,"column":50}},"1":{"start":{"line":3,"column":2},"end":{"line":3,"column":38}},"2":{"start":{"line":5,"column":2},"end":{"line":17,"column":4}},"3":{"start":{"line":19,"column":2},"end":{"line":19,"column":40}}},"fnMap":{"0":{"name":"insertVisualDebugger","decl":{"start":{"line":1,"column":24},"end":{"line":1,"column":44}},"loc":{"start":{"line":1,"column":47},"end":{"line":20,"column":1}},"line":1}},"branchMap":{},"s":{"0":8,"1":8,"2":8,"3":8},"f":{"0":8},"b":{},"_coverageSchema":"332fd63041d2c1bcb487cc26dd0d5f7d97098a6c","hash":"1f6482b5040c9549c75785758d8c973f17cee59a"}
,"/home/makro/0001/scrollnav/src/util/nextUntil.js": {"path":"/home/makro/0001/scrollnav/src/util/nextUntil.js","statementMap":{"0":{"start":{"line":4,"column":17},"end":{"line":4,"column":19}},"1":{"start":{"line":6,"column":2},"end":{"line":6,"column":33}},"2":{"start":{"line":8,"column":2},"end":{"line":19,"column":3}},"3":{"start":{"line":9,"column":4},"end":{"line":9,"column":38}},"4":{"start":{"line":9,"column":32},"end":{"line":9,"column":38}},"5":{"start":{"line":11,"column":4},"end":{"line":14,"column":5}},"6":{"start":{"line":12,"column":6},"end":{"line":12,"column":37}},"7":{"start":{"line":13,"column":6},"end":{"line":13,"column":15}},"8":{"start":{"line":16,"column":4},"end":{"line":16,"column":24}},"9":{"start":{"line":18,"column":4},"end":{"line":18,"column":35}},"10":{"start":{"line":21,"column":2},"end":{"line":21,"column":18}}},"fnMap":{"0":{"name":"nextUntil","decl":{"start":{"line":3,"column":24},"end":{"line":3,"column":33}},"loc":{"start":{"line":3,"column":58},"end":{"line":22,"column":1}},"line":3}},"branchMap":{"0":{"loc":{"start":{"line":9,"column":4},"end":{"line":9,"column":38}},"type":"if","locations":[{"start":{"line":9,"column":4},"end":{"line":9,"column":38}},{"start":{"line":9,"column":4},"end":{"line":9,"column":38}}],"line":9},"1":{"loc":{"start":{"line":11,"column":4},"end":{"line":14,"column":5}},"type":"if","locations":[{"start":{"line":11,"column":4},"end":{"line":14,"column":5}},{"start":{"line":11,"column":4},"end":{"line":14,"column":5}}],"line":11},"2":{"loc":{"start":{"line":11,"column":8},"end":{"line":11,"column":39}},"type":"binary-expr","locations":[{"start":{"line":11,"column":8},"end":{"line":11,"column":14}},{"start":{"line":11,"column":18},"end":{"line":11,"column":39}}],"line":11}},"s":{"0":4,"1":4,"2":4,"3":12,"4":3,"5":9,"6":7,"7":7,"8":2,"9":2,"10":4},"f":{"0":4},"b":{"0":[3,9],"1":[7,2],"2":[9,9]},"_coverageSchema":"332fd63041d2c1bcb487cc26dd0d5f7d97098a6c","hash":"bb9aaf193526e04363e263c4e4ea268b4d2d8312"}
,"/home/makro/0001/scrollnav/src/util/populateSectionData.js": {"path":"/home/makro/0001/scrollnav/src/util/populateSectionData.js","statementMap":{"0":{"start":{"line":10,"column":22},"end":{"line":10,"column":24}},"1":{"start":{"line":11,"column":2},"end":{"line":11,"column":25}},"2":{"start":{"line":13,"column":2},"end":{"line":32,"column":5}},"3":{"start":{"line":14,"column":25},"end":{"line":14,"column":27}},"4":{"start":{"line":15,"column":15},"end":{"line":15,"column":49}},"5":{"start":{"line":17,"column":4},"end":{"line":24,"column":5}},"6":{"start":{"line":18,"column":28},"end":{"line":22,"column":7}},"7":{"start":{"line":23,"column":6},"end":{"line":23,"column":72}},"8":{"start":{"line":26,"column":4},"end":{"line":31,"column":7}},"9":{"start":{"line":34,"column":2},"end":{"line":34,"column":21}}},"fnMap":{"0":{"name":"populateSectionData","decl":{"start":{"line":5,"column":24},"end":{"line":5,"column":43}},"loc":{"start":{"line":9,"column":2},"end":{"line":35,"column":1}},"line":9},"1":{"name":"(anonymous_1)","decl":{"start":{"line":13,"column":19},"end":{"line":13,"column":20}},"loc":{"start":{"line":13,"column":32},"end":{"line":32,"column":3}},"line":13}},"branchMap":{"0":{"loc":{"start":{"line":8,"column":2},"end":{"line":8,"column":23}},"type":"default-arg","locations":[{"start":{"line":8,"column":11},"end":{"line":8,"column":23}}],"line":8},"1":{"loc":{"start":{"line":17,"column":4},"end":{"line":24,"column":5}},"type":"if","locations":[{"start":{"line":17,"column":4},"end":{"line":24,"column":5}},{"start":{"line":17,"column":4},"end":{"line":24,"column":5}}],"line":17},"2":{"loc":{"start":{"line":17,"column":8},"end":{"line":17,"column":63}},"type":"binary-expr","locations":[{"start":{"line":17,"column":8},"end":{"line":17,"column":28}},{"start":{"line":17,"column":32},"end":{"line":17,"column":63}}],"line":17},"3":{"loc":{"start":{"line":28,"column":12},"end":{"line":28,"column":46}},"type":"binary-expr","locations":[{"start":{"line":28,"column":12},"end":{"line":28,"column":26}},{"start":{"line":28,"column":30},"end":{"line":28,"column":46}}],"line":28}},"s":{"0":20,"1":20,"2":20,"3":52,"4":52,"5":52,"6":3,"7":3,"8":52,"9":20},"f":{"0":20,"1":52},"b":{"0":[17],"1":[3,49],"2":[52,4],"3":[52,52]},"_coverageSchema":"332fd63041d2c1bcb487cc26dd0d5f7d97098a6c","hash":"d7bd9e3f86e7c9b5fc5fe35a3ec6fd32802ee5e2"}
,"/home/makro/0001/scrollnav/src/util/updateActiveNavItem.js": {"path":"/home/makro/0001/scrollnav/src/util/updateActiveNavItem.js","statementMap":{"0":{"start":{"line":2,"column":25},"end":{"line":2,"column":62}},"1":{"start":{"line":4,"column":2},"end":{"line":11,"column":3}},"2":{"start":{"line":5,"column":4},"end":{"line":8,"column":5}},"3":{"start":{"line":6,"column":6},"end":{"line":6,"column":66}},"4":{"start":{"line":7,"column":6},"end":{"line":7,"column":55}},"5":{"start":{"line":10,"column":4},"end":{"line":10,"column":11}},"6":{"start":{"line":13,"column":20},"end":{"line":15,"column":3}},"7":{"start":{"line":17,"column":2},"end":{"line":24,"column":3}},"8":{"start":{"line":18,"column":4},"end":{"line":21,"column":5}},"9":{"start":{"line":19,"column":6},"end":{"line":19,"column":66}},"10":{"start":{"line":20,"column":6},"end":{"line":20,"column":55}},"11":{"start":{"line":22,"column":4},"end":{"line":22,"column":56}},"12":{"start":{"line":23,"column":4},"end":{"line":23,"column":51}}},"fnMap":{"0":{"name":"updateActiveNavItem","decl":{"start":{"line":1,"column":24},"end":{"line":1,"column":43}},"loc":{"start":{"line":1,"column":64},"end":{"line":25,"column":1}},"line":1}},"branchMap":{"0":{"loc":{"start":{"line":4,"column":2},"end":{"line":11,"column":3}},"type":"if","locations":[{"start":{"line":4,"column":2},"end":{"line":11,"column":3}},{"start":{"line":4,"column":2},"end":{"line":11,"column":3}}],"line":4},"1":{"loc":{"start":{"line":5,"column":4},"end":{"line":8,"column":5}},"type":"if","locations":[{"start":{"line":5,"column":4},"end":{"line":8,"column":5}},{"start":{"line":5,"column":4},"end":{"line":8,"column":5}}],"line":5},"2":{"loc":{"start":{"line":17,"column":2},"end":{"line":24,"column":3}},"type":"if","locations":[{"start":{"line":17,"column":2},"end":{"line":24,"column":3}},{"start":{"line":17,"column":2},"end":{"line":24,"column":3}}],"line":17},"3":{"loc":{"start":{"line":17,"column":6},"end":{"line":17,"column":47}},"type":"binary-expr","locations":[{"start":{"line":17,"column":6},"end":{"line":17,"column":15}},{"start":{"line":17,"column":19},"end":{"line":17,"column":47}}],"line":17},"4":{"loc":{"start":{"line":18,"column":4},"end":{"line":21,"column":5}},"type":"if","locations":[{"start":{"line":18,"column":4},"end":{"line":21,"column":5}},{"start":{"line":18,"column":4},"end":{"line":21,"column":5}}],"line":18}},"s":{"0":10,"1":10,"2":2,"3":2,"4":2,"5":2,"6":8,"7":8,"8":7,"9":3,"10":3,"11":7,"12":7},"f":{"0":10},"b":{"0":[2,8],"1":[2,0],"2":[7,1],"3":[8,8],"4":[3,4]},"_coverageSchema":"332fd63041d2c1bcb487cc26dd0d5f7d97098a6c","hash":"bf845f0f60e524f0bdd6a61e049ccf786b76a3f5"}
,"/home/makro/0001/scrollnav/src/util/updatePositionData.js": {"path":"/home/makro/0001/scrollnav/src/util/updatePositionData.js","statementMap":{"0":{"start":{"line":4,"column":2},"end":{"line":11,"column":5}},"1":{"start":{"line":5,"column":23},"end":{"line":5,"column":63}},"2":{"start":{"line":6,"column":4},"end":{"line":6,"column":49}},"3":{"start":{"line":8,"column":4},"end":{"line":10,"column":5}},"4":{"start":{"line":9,"column":6},"end":{"line":9,"column":68}},"5":{"start":{"line":13,"column":2},"end":{"line":13,"column":14}}},"fnMap":{"0":{"name":"updatePositionData","decl":{"start":{"line":3,"column":24},"end":{"line":3,"column":42}},"loc":{"start":{"line":3,"column":49},"end":{"line":14,"column":1}},"line":3},"1":{"name":"(anonymous_1)","decl":{"start":{"line":4,"column":15},"end":{"line":4,"column":16}},"loc":{"start":{"line":4,"column":26},"end":{"line":11,"column":3}},"line":4}},"branchMap":{"0":{"loc":{"start":{"line":8,"column":4},"end":{"line":10,"column":5}},"type":"if","locations":[{"start":{"line":8,"column":4},"end":{"line":10,"column":5}},{"start":{"line":8,"column":4},"end":{"line":10,"column":5}}],"line":8}},"s":{"0":6,"1":16,"2":16,"3":16,"4":1,"5":6},"f":{"0":6,"1":16},"b":{"0":[1,15]},"_coverageSchema":"332fd63041d2c1bcb487cc26dd0d5f7d97098a6c","hash":"69833a99765c8faa75e9f3e8da4a2c35b97aeadf"}
}
