{"/Users/jw/repos/jw/scrollNav/src/scrollNav.js": {"path":"/Users/jw/repos/jw/scrollNav/src/scrollNav.js","statementMap":{"0":{"start":{"line":9,"column":0},"end":{"line":null,"column":-1}},"1":{"start":{"line":12,"column":18},"end":{"line":12,"column":2}},"2":{"start":{"line":13,"column":4},"end":{"line":23,"column":5}},"3":{"start":{"line":14,"column":24},"end":{"line":14,"column":6}},"4":{"start":{"line":15,"column":6},"end":{"line":null,"column":-1}},"5":{"start":{"line":18,"column":5},"end":{"line":null,"column":-1}},"6":{"start":{"line":19,"column":5},"end":{"line":null,"column":-1}},"7":{"start":{"line":21,"column":6},"end":{"line":null,"column":-1}},"8":{"start":{"line":27,"column":17},"end":{"line":27,"column":2}},"9":{"start":{"line":28,"column":4},"end":{"line":null,"column":-1}},"10":{"start":{"line":31,"column":10},"end":{"line":31,"column":2}},"11":{"start":{"line":61,"column":18},"end":{"line":61,"column":6}},"12":{"start":{"line":63,"column":6},"end":{"line":69,"column":7}},"13":{"start":{"line":64,"column":8},"end":{"line":null,"column":-1}},"14":{"start":{"line":65,"column":13},"end":{"line":69,"column":7}},"15":{"start":{"line":66,"column":8},"end":{"line":null,"column":-1}},"16":{"start":{"line":68,"column":8},"end":{"line":null,"column":-1}},"17":{"start":{"line":74,"column":25},"end":{"line":74,"column":6}},"18":{"start":{"line":75,"column":21},"end":{"line":75,"column":6}},"19":{"start":{"line":77,"column":6},"end":{"line":83,"column":7}},"20":{"start":{"line":78,"column":25},"end":{"line":78,"column":8}},"21":{"start":{"line":80,"column":8},"end":{"line":82,"column":9}},"22":{"start":{"line":81,"column":10},"end":{"line":null,"column":-1}},"23":{"start":{"line":85,"column":6},"end":{"line":null,"column":-1}},"24":{"start":{"line":86,"column":8},"end":{"line":null,"column":-1}},"25":{"start":{"line":89,"column":6},"end":{"line":null,"column":-1}},"26":{"start":{"line":96,"column":25},"end":{"line":96,"column":6}},"27":{"start":{"line":98,"column":6},"end":{"line":null,"column":-1}},"28":{"start":{"line":99,"column":28},"end":{"line":99,"column":8}},"29":{"start":{"line":100,"column":28},"end":{"line":100,"column":8}},"30":{"start":{"line":101,"column":28},"end":{"line":101,"column":8}},"31":{"start":{"line":102,"column":28},"end":{"line":102,"column":8}},"32":{"start":{"line":102,"column":41},"end":{"line":null,"column":-1}},"33":{"start":{"line":103,"column":28},"end":{"line":103,"column":8}},"34":{"start":{"line":103,"column":41},"end":{"line":null,"column":-1}},"35":{"start":{"line":104,"column":30},"end":{"line":104,"column":8}},"36":{"start":{"line":106,"column":8},"end":{"line":null,"column":-1}},"37":{"start":{"line":108,"column":8},"end":{"line":121,"column":9}},"38":{"start":{"line":109,"column":31},"end":{"line":109,"column":10}},"39":{"start":{"line":111,"column":10},"end":{"line":120,"column":11}},"40":{"start":{"line":112,"column":12},"end":{"line":null,"column":-1}},"41":{"start":{"line":113,"column":32},"end":{"line":113,"column":14}},"42":{"start":{"line":114,"column":32},"end":{"line":114,"column":14}},"43":{"start":{"line":115,"column":32},"end":{"line":115,"column":14}},"44":{"start":{"line":117,"column":14},"end":{"line":null,"column":-1}},"45":{"start":{"line":118,"column":14},"end":{"line":null,"column":-1}},"46":{"start":{"line":123,"column":8},"end":{"line":null,"column":-1}},"47":{"start":{"line":126,"column":6},"end":{"line":null,"column":-1}},"48":{"start":{"line":129,"column":6},"end":{"line":null,"column":-1}},"49":{"start":{"line":130,"column":27},"end":{"line":130,"column":8}},"50":{"start":{"line":132,"column":8},"end":{"line":null,"column":-1}},"51":{"start":{"line":134,"column":8},"end":{"line":138,"column":9}},"52":{"start":{"line":135,"column":10},"end":{"line":null,"column":-1}},"53":{"start":{"line":136,"column":12},"end":{"line":null,"column":-1}},"54":{"start":{"line":144,"column":22},"end":{"line":144,"column":6}},"55":{"start":{"line":145,"column":22},"end":{"line":145,"column":6}},"56":{"start":{"line":146,"column":22},"end":{"line":146,"column":6}},"57":{"start":{"line":147,"column":22},"end":{"line":147,"column":6}},"58":{"start":{"line":149,"column":6},"end":{"line":null,"column":-1}},"59":{"start":{"line":150,"column":25},"end":{"line":150,"column":8}},"60":{"start":{"line":151,"column":24},"end":{"line":151,"column":8}},"61":{"start":{"line":154,"column":8},"end":{"line":164,"column":9}},"62":{"start":{"line":155,"column":10},"end":{"line":null,"column":-1}},"63":{"start":{"line":156,"column":10},"end":{"line":null,"column":-1}},"64":{"start":{"line":158,"column":10},"end":{"line":null,"column":-1}},"65":{"start":{"line":159,"column":28},"end":{"line":159,"column":12}},"66":{"start":{"line":160,"column":28},"end":{"line":160,"column":12}},"67":{"start":{"line":162,"column":12},"end":{"line":null,"column":-1}},"68":{"start":{"line":166,"column":8},"end":{"line":null,"column":-1}},"69":{"start":{"line":169,"column":6},"end":{"line":173,"column":7}},"70":{"start":{"line":170,"column":8},"end":{"line":null,"column":-1}},"71":{"start":{"line":172,"column":8},"end":{"line":null,"column":-1}},"72":{"start":{"line":175,"column":6},"end":{"line":null,"column":-1}},"73":{"start":{"line":180,"column":28},"end":{"line":180,"column":6}},"74":{"start":{"line":181,"column":27},"end":{"line":181,"column":6}},"75":{"start":{"line":183,"column":6},"end":{"line":null,"column":-1}},"76":{"start":{"line":188,"column":24},"end":{"line":188,"column":6}},"77":{"start":{"line":189,"column":24},"end":{"line":189,"column":6}},"78":{"start":{"line":190,"column":24},"end":{"line":190,"column":6}},"79":{"start":{"line":192,"column":23},"end":{"line":192,"column":6}},"80":{"start":{"line":193,"column":29},"end":{"line":193,"column":8}},"81":{"start":{"line":194,"column":29},"end":{"line":194,"column":8}},"82":{"start":{"line":196,"column":8},"end":{"line":null,"column":-1}},"83":{"start":{"line":197,"column":8},"end":{"line":null,"column":-1}},"84":{"start":{"line":200,"column":6},"end":{"line":null,"column":-1}},"85":{"start":{"line":201,"column":8},"end":{"line":null,"column":-1}},"86":{"start":{"line":203,"column":8},"end":{"line":null,"column":-1}},"87":{"start":{"line":204,"column":10},"end":{"line":null,"column":-1}},"88":{"start":{"line":208,"column":6},"end":{"line":null,"column":-1}},"89":{"start":{"line":218,"column":32},"end":{"line":218,"column":6}},"90":{"start":{"line":219,"column":32},"end":{"line":219,"column":6}},"91":{"start":{"line":220,"column":32},"end":{"line":220,"column":6}},"92":{"start":{"line":221,"column":32},"end":{"line":221,"column":6}},"93":{"start":{"line":222,"column":32},"end":{"line":222,"column":6}},"94":{"start":{"line":223,"column":32},"end":{"line":223,"column":6}},"95":{"start":{"line":225,"column":6},"end":{"line":226,"column":41}},"96":{"start":{"line":225,"column":70},"end":{"line":null,"column":-1}},"97":{"start":{"line":226,"column":13},"end":{"line":null,"column":-1}},"98":{"start":{"line":228,"column":20},"end":{"line":228,"column":6}},"99":{"start":{"line":229,"column":8},"end":{"line":null,"column":-1}},"100":{"start":{"line":232,"column":6},"end":{"line":null,"column":-1}},"101":{"start":{"line":233,"column":8},"end":{"line":235,"column":9}},"102":{"start":{"line":234,"column":10},"end":{"line":null,"column":-1}},"103":{"start":{"line":236,"column":8},"end":{"line":null,"column":-1}},"104":{"start":{"line":237,"column":10},"end":{"line":239,"column":11}},"105":{"start":{"line":238,"column":12},"end":{"line":null,"column":-1}},"106":{"start":{"line":243,"column":6},"end":{"line":null,"column":-1}},"107":{"start":{"line":244,"column":6},"end":{"line":null,"column":-1}},"108":{"start":{"line":246,"column":6},"end":{"line":null,"column":-1}},"109":{"start":{"line":247,"column":8},"end":{"line":251,"column":9}},"110":{"start":{"line":248,"column":10},"end":{"line":null,"column":-1}},"111":{"start":{"line":250,"column":10},"end":{"line":null,"column":-1}},"112":{"start":{"line":253,"column":6},"end":{"line":null,"column":-1}},"113":{"start":{"line":255,"column":6},"end":{"line":null,"column":-1}},"114":{"start":{"line":256,"column":8},"end":{"line":260,"column":9}},"115":{"start":{"line":257,"column":10},"end":{"line":null,"column":-1}},"116":{"start":{"line":259,"column":10},"end":{"line":null,"column":-1}},"117":{"start":{"line":266,"column":6},"end":{"line":null,"column":-1}},"118":{"start":{"line":267,"column":8},"end":{"line":null,"column":-1}},"119":{"start":{"line":271,"column":6},"end":{"line":null,"column":-1}},"120":{"start":{"line":276,"column":6},"end":{"line":null,"column":-1}},"121":{"start":{"line":277,"column":8},"end":{"line":null,"column":-1}},"122":{"start":{"line":278,"column":8},"end":{"line":null,"column":-1}},"123":{"start":{"line":282,"column":6},"end":{"line":null,"column":-1}},"124":{"start":{"line":287,"column":6},"end":{"line":null,"column":-1}},"125":{"start":{"line":288,"column":8},"end":{"line":null,"column":-1}},"126":{"start":{"line":290,"column":24},"end":{"line":290,"column":8}},"127":{"start":{"line":291,"column":24},"end":{"line":291,"column":8}},"128":{"start":{"line":292,"column":24},"end":{"line":292,"column":8}},"129":{"start":{"line":293,"column":24},"end":{"line":293,"column":8}},"130":{"start":{"line":295,"column":8},"end":{"line":null,"column":-1}},"131":{"start":{"line":299,"column":6},"end":{"line":null,"column":-1}},"132":{"start":{"line":304,"column":6},"end":{"line":335,"column":7}},"133":{"start":{"line":305,"column":8},"end":{"line":null,"column":-1}},"134":{"start":{"line":306,"column":10},"end":{"line":333,"column":11}},"135":{"start":{"line":307,"column":30},"end":{"line":307,"column":12}},"136":{"start":{"line":308,"column":22},"end":{"line":308,"column":14}},"137":{"start":{"line":309,"column":22},"end":{"line":309,"column":14}},"138":{"start":{"line":311,"column":14},"end":{"line":318,"column":15}},"139":{"start":{"line":312,"column":16},"end":{"line":317,"column":17}},"140":{"start":{"line":313,"column":39},"end":{"line":313,"column":18}},"141":{"start":{"line":314,"column":39},"end":{"line":314,"column":18}},"142":{"start":{"line":316,"column":18},"end":{"line":null,"column":-1}},"143":{"start":{"line":321,"column":33},"end":{"line":321,"column":12}},"144":{"start":{"line":323,"column":12},"end":{"line":332,"column":13}},"145":{"start":{"line":324,"column":14},"end":{"line":null,"column":-1}},"146":{"start":{"line":326,"column":30},"end":{"line":326,"column":14}},"147":{"start":{"line":327,"column":30},"end":{"line":327,"column":14}},"148":{"start":{"line":328,"column":30},"end":{"line":328,"column":14}},"149":{"start":{"line":329,"column":30},"end":{"line":329,"column":14}},"150":{"start":{"line":331,"column":14},"end":{"line":null,"column":-1}},"151":{"start":{"line":338,"column":6},"end":{"line":null,"column":-1}},"152":{"start":{"line":341,"column":6},"end":{"line":null,"column":-1}},"153":{"start":{"line":342,"column":18},"end":{"line":342,"column":8}},"154":{"start":{"line":345,"column":8},"end":{"line":null,"column":-1}},"155":{"start":{"line":348,"column":8},"end":{"line":null,"column":-1}},"156":{"start":{"line":350,"column":8},"end":{"line":396,"column":9}},"157":{"start":{"line":354,"column":10},"end":{"line":354,"column":66}},"158":{"start":{"line":354,"column":35},"end":{"line":null,"column":-1}},"159":{"start":{"line":356,"column":10},"end":{"line":null,"column":-1}},"160":{"start":{"line":357,"column":10},"end":{"line":null,"column":-1}},"161":{"start":{"line":359,"column":10},"end":{"line":391,"column":11}},"162":{"start":{"line":362,"column":12},"end":{"line":null,"column":-1}},"163":{"start":{"line":363,"column":12},"end":{"line":null,"column":-1}},"164":{"start":{"line":365,"column":12},"end":{"line":386,"column":13}},"165":{"start":{"line":368,"column":14},"end":{"line":null,"column":-1}},"166":{"start":{"line":369,"column":14},"end":{"line":null,"column":-1}},"167":{"start":{"line":370,"column":14},"end":{"line":null,"column":-1}},"168":{"start":{"line":371,"column":14},"end":{"line":null,"column":-1}},"169":{"start":{"line":372,"column":14},"end":{"line":null,"column":-1}},"170":{"start":{"line":373,"column":14},"end":{"line":null,"column":-1}},"171":{"start":{"line":374,"column":14},"end":{"line":null,"column":-1}},"172":{"start":{"line":375,"column":14},"end":{"line":null,"column":-1}},"173":{"start":{"line":376,"column":14},"end":{"line":378,"column":15}},"174":{"start":{"line":377,"column":16},"end":{"line":null,"column":-1}},"175":{"start":{"line":381,"column":14},"end":{"line":381,"column":74}},"176":{"start":{"line":381,"column":41},"end":{"line":null,"column":-1}},"177":{"start":{"line":384,"column":14},"end":{"line":null,"column":-1}},"178":{"start":{"line":385,"column":14},"end":{"line":null,"column":-1}},"179":{"start":{"line":389,"column":12},"end":{"line":null,"column":-1}},"180":{"start":{"line":390,"column":12},"end":{"line":null,"column":-1}},"181":{"start":{"line":394,"column":10},"end":{"line":null,"column":-1}},"182":{"start":{"line":395,"column":10},"end":{"line":null,"column":-1}},"183":{"start":{"line":400,"column":6},"end":{"line":null,"column":-1}},"184":{"start":{"line":403,"column":8},"end":{"line":null,"column":-1}},"185":{"start":{"line":404,"column":8},"end":{"line":null,"column":-1}},"186":{"start":{"line":405,"column":8},"end":{"line":null,"column":-1}},"187":{"start":{"line":406,"column":8},"end":{"line":null,"column":-1}},"188":{"start":{"line":409,"column":8},"end":{"line":null,"column":-1}},"189":{"start":{"line":412,"column":8},"end":{"line":null,"column":-1}},"190":{"start":{"line":415,"column":8},"end":{"line":null,"column":-1}},"191":{"start":{"line":418,"column":8},"end":{"line":418,"column":70}},"192":{"start":{"line":418,"column":36},"end":{"line":null,"column":-1}},"193":{"start":{"line":421,"column":8},"end":{"line":null,"column":-1}},"194":{"start":{"line":422,"column":8},"end":{"line":null,"column":-1}},"195":{"start":{"line":426,"column":6},"end":{"line":null,"column":-1}},"196":{"start":{"line":427,"column":6},"end":{"line":null,"column":-1}},"197":{"start":{"line":430,"column":6},"end":{"line":430,"column":70}},"198":{"start":{"line":430,"column":35},"end":{"line":null,"column":-1}},"199":{"start":{"line":434,"column":2},"end":{"line":null,"column":-1}},"200":{"start":{"line":436,"column":18},"end":{"line":436,"column":4}},"201":{"start":{"line":438,"column":4},"end":{"line":453,"column":5}},"202":{"start":{"line":441,"column":6},"end":{"line":null,"column":-1}},"203":{"start":{"line":442,"column":6},"end":{"line":null,"column":-1}},"204":{"start":{"line":443,"column":11},"end":{"line":453,"column":5}},"205":{"start":{"line":446,"column":6},"end":{"line":null,"column":-1}},"206":{"start":{"line":447,"column":6},"end":{"line":null,"column":-1}},"207":{"start":{"line":451,"column":6},"end":{"line":null,"column":-1}},"208":{"start":{"line":452,"column":6},"end":{"line":null,"column":-1}},"209":{"start":{"line":455,"column":4},"end":{"line":null,"column":-1}}},"fnMap":{"0":{"name":"(anonymous_2)","decl":{"start":{"line":9,"column":1},"end":{"line":9,"column":9}},"loc":{"start":{"line":9,"column":13},"end":{"line":9,"column":0}}},"1":{"name":"scroll_to","decl":{"start":{"line":12,"column":6},"end":{"line":12,"column":18}},"loc":{"start":{"line":12,"column":59},"end":{"line":12,"column":2}}},"2":{"name":"get_hash","decl":{"start":{"line":27,"column":6},"end":{"line":27,"column":17}},"loc":{"start":{"line":27,"column":28},"end":{"line":27,"column":2}}},"3":{"name":"_set_body_class","decl":{"start":{"line":58,"column":21},"end":{"line":58,"column":29}},"loc":{"start":{"line":58,"column":37},"end":{"line":31,"column":10}}},"4":{"name":"_find_sections","decl":{"start":{"line":71,"column":20},"end":{"line":71,"column":28}},"loc":{"start":{"line":71,"column":34},"end":{"line":31,"column":10}}},"5":{"name":"(anonymous_7)","decl":{"start":{"line":85,"column":34},"end":{"line":85,"column":44}},"loc":{"start":{"line":85,"column":45},"end":{"line":85,"column":6}}},"6":{"name":"_setup_sections","decl":{"start":{"line":93,"column":21},"end":{"line":93,"column":29}},"loc":{"start":{"line":93,"column":40},"end":{"line":31,"column":10}}},"7":{"name":"(anonymous_9)","decl":{"start":{"line":98,"column":23},"end":{"line":98,"column":31}},"loc":{"start":{"line":98,"column":35},"end":{"line":98,"column":6}}},"8":{"name":"isFirst","decl":{"start":{"line":102,"column":12},"end":{"line":102,"column":28}},"loc":{"start":{"line":102,"column":39},"end":{"line":102,"column":8}}},"9":{"name":"hasHeading","decl":{"start":{"line":103,"column":12},"end":{"line":103,"column":28}},"loc":{"start":{"line":103,"column":39},"end":{"line":103,"column":8}}},"10":{"name":"(anonymous_12)","decl":{"start":{"line":112,"column":31},"end":{"line":112,"column":39}},"loc":{"start":{"line":112,"column":43},"end":{"line":112,"column":12}}},"11":{"name":"_tear_down_sections","decl":{"start":{"line":128,"column":25},"end":{"line":128,"column":33}},"loc":{"start":{"line":128,"column":44},"end":{"line":31,"column":10}}},"12":{"name":"(anonymous_14)","decl":{"start":{"line":129,"column":23},"end":{"line":129,"column":33}},"loc":{"start":{"line":129,"column":34},"end":{"line":129,"column":6}}},"13":{"name":"(anonymous_15)","decl":{"start":{"line":135,"column":31},"end":{"line":135,"column":41}},"loc":{"start":{"line":135,"column":42},"end":{"line":135,"column":10}}},"14":{"name":"_setup_nav","decl":{"start":{"line":141,"column":16},"end":{"line":141,"column":24}},"loc":{"start":{"line":141,"column":35},"end":{"line":31,"column":10}}},"15":{"name":"(anonymous_17)","decl":{"start":{"line":149,"column":23},"end":{"line":149,"column":31}},"loc":{"start":{"line":149,"column":35},"end":{"line":149,"column":6}}},"16":{"name":"(anonymous_18)","decl":{"start":{"line":158,"column":36},"end":{"line":158,"column":46}},"loc":{"start":{"line":158,"column":47},"end":{"line":158,"column":10}}},"17":{"name":"_insert_nav","decl":{"start":{"line":177,"column":17},"end":{"line":177,"column":27}},"loc":{"start":{"line":177,"column":28},"end":{"line":31,"column":10}}},"18":{"name":"_setup_pos","decl":{"start":{"line":185,"column":16},"end":{"line":185,"column":26}},"loc":{"start":{"line":185,"column":27},"end":{"line":31,"column":10}}},"19":{"name":"set_offset","decl":{"start":{"line":192,"column":10},"end":{"line":192,"column":23}},"loc":{"start":{"line":192,"column":41},"end":{"line":192,"column":6}}},"20":{"name":"(anonymous_22)","decl":{"start":{"line":200,"column":30},"end":{"line":200,"column":40}},"loc":{"start":{"line":200,"column":41},"end":{"line":200,"column":6}}},"21":{"name":"(anonymous_23)","decl":{"start":{"line":203,"column":34},"end":{"line":203,"column":44}},"loc":{"start":{"line":203,"column":45},"end":{"line":203,"column":8}}},"22":{"name":"_check_pos","decl":{"start":{"line":213,"column":16},"end":{"line":213,"column":26}},"loc":{"start":{"line":213,"column":27},"end":{"line":31,"column":10}}},"23":{"name":"in_view","decl":{"start":{"line":228,"column":10},"end":{"line":228,"column":20}},"loc":{"start":{"line":228,"column":38},"end":{"line":228,"column":6}}},"24":{"name":"(anonymous_26)","decl":{"start":{"line":232,"column":30},"end":{"line":232,"column":40}},"loc":{"start":{"line":232,"column":41},"end":{"line":232,"column":6}}},"25":{"name":"(anonymous_27)","decl":{"start":{"line":236,"column":34},"end":{"line":236,"column":44}},"loc":{"start":{"line":236,"column":45},"end":{"line":236,"column":8}}},"26":{"name":"(anonymous_28)","decl":{"start":{"line":246,"column":30},"end":{"line":246,"column":38}},"loc":{"start":{"line":246,"column":42},"end":{"line":246,"column":6}}},"27":{"name":"(anonymous_29)","decl":{"start":{"line":255,"column":34},"end":{"line":255,"column":42}},"loc":{"start":{"line":255,"column":46},"end":{"line":255,"column":6}}},"28":{"name":"_init_scroll_listener","decl":{"start":{"line":263,"column":27},"end":{"line":263,"column":37}},"loc":{"start":{"line":263,"column":38},"end":{"line":31,"column":10}}},"29":{"name":"(anonymous_31)","decl":{"start":{"line":266,"column":39},"end":{"line":266,"column":49}},"loc":{"start":{"line":266,"column":50},"end":{"line":266,"column":6}}},"30":{"name":"_rm_scroll_listeners","decl":{"start":{"line":270,"column":26},"end":{"line":270,"column":36}},"loc":{"start":{"line":270,"column":37},"end":{"line":31,"column":10}}},"31":{"name":"_init_resize_listener","decl":{"start":{"line":273,"column":27},"end":{"line":273,"column":37}},"loc":{"start":{"line":273,"column":38},"end":{"line":31,"column":10}}},"32":{"name":"(anonymous_34)","decl":{"start":{"line":276,"column":39},"end":{"line":276,"column":49}},"loc":{"start":{"line":276,"column":50},"end":{"line":276,"column":6}}},"33":{"name":"_rm_resize_listener","decl":{"start":{"line":281,"column":25},"end":{"line":281,"column":35}},"loc":{"start":{"line":281,"column":36},"end":{"line":31,"column":10}}},"34":{"name":"_init_click_listener","decl":{"start":{"line":284,"column":26},"end":{"line":284,"column":36}},"loc":{"start":{"line":284,"column":37},"end":{"line":31,"column":10}}},"35":{"name":"(anonymous_37)","decl":{"start":{"line":287,"column":68},"end":{"line":287,"column":76}},"loc":{"start":{"line":287,"column":80},"end":{"line":287,"column":6}}},"36":{"name":"_rm_click_listener","decl":{"start":{"line":298,"column":24},"end":{"line":298,"column":34}},"loc":{"start":{"line":298,"column":35},"end":{"line":31,"column":10}}},"37":{"name":"_init_keyboard_listener","decl":{"start":{"line":301,"column":29},"end":{"line":301,"column":37}},"loc":{"start":{"line":301,"column":48},"end":{"line":31,"column":10}}},"38":{"name":"(anonymous_40)","decl":{"start":{"line":305,"column":44},"end":{"line":305,"column":52}},"loc":{"start":{"line":305,"column":56},"end":{"line":305,"column":8}}},"39":{"name":"findSection","decl":{"start":{"line":307,"column":16},"end":{"line":307,"column":30}},"loc":{"start":{"line":307,"column":44},"end":{"line":307,"column":12}}},"40":{"name":"_rm_keyboard_listener","decl":{"start":{"line":337,"column":27},"end":{"line":337,"column":37}},"loc":{"start":{"line":337,"column":38},"end":{"line":31,"column":10}}},"41":{"name":"init","decl":{"start":{"line":340,"column":10},"end":{"line":340,"column":18}},"loc":{"start":{"line":340,"column":28},"end":{"line":31,"column":10}}},"42":{"name":"(anonymous_44)","decl":{"start":{"line":341,"column":23},"end":{"line":341,"column":33}},"loc":{"start":{"line":341,"column":34},"end":{"line":341,"column":13}}},"43":{"name":"destroy","decl":{"start":{"line":399,"column":13},"end":{"line":399,"column":23}},"loc":{"start":{"line":399,"column":24},"end":{"line":31,"column":10}}},"44":{"name":"(anonymous_46)","decl":{"start":{"line":400,"column":23},"end":{"line":400,"column":33}},"loc":{"start":{"line":400,"column":34},"end":{"line":400,"column":13}}},"45":{"name":"resetPos","decl":{"start":{"line":425,"column":14},"end":{"line":425,"column":24}},"loc":{"start":{"line":425,"column":25},"end":{"line":431,"column":5}}},"46":{"name":"(anonymous_48)","decl":{"start":{"line":434,"column":19},"end":{"line":434,"column":29}},"loc":{"start":{"line":434,"column":30},"end":{"line":434,"column":2}}}},"branchMap":{"0":{"loc":{"start":{"line":13,"column":4},"end":{"line":23,"column":5}},"type":"if","locations":[{"start":{"line":13,"column":4},"end":{"line":23,"column":5}},{"start":{"line":13,"column":4},"end":{"line":23,"column":5}}]},"1":{"loc":{"start":{"line":15,"column":25},"end":{"line":15,"column":14}},"type":"cond-expr","locations":[{"start":{"line":15,"column":25},"end":{"line":15,"column":14}},{"start":{"line":15,"column":33},"end":{"line":15,"column":6}}]},"2":{"loc":{"start":{"line":63,"column":6},"end":{"line":69,"column":7}},"type":"if","locations":[{"start":{"line":63,"column":6},"end":{"line":69,"column":7}},{"start":{"line":63,"column":6},"end":{"line":69,"column":7}}]},"3":{"loc":{"start":{"line":65,"column":13},"end":{"line":69,"column":7}},"type":"if","locations":[{"start":{"line":65,"column":13},"end":{"line":69,"column":7}},{"start":{"line":65,"column":13},"end":{"line":69,"column":7}}]},"4":{"loc":{"start":{"line":77,"column":6},"end":{"line":83,"column":7}},"type":"if","locations":[{"start":{"line":77,"column":6},"end":{"line":83,"column":7}},{"start":{"line":77,"column":6},"end":{"line":83,"column":7}}]},"5":{"loc":{"start":{"line":80,"column":8},"end":{"line":82,"column":9}},"type":"if","locations":[{"start":{"line":80,"column":8},"end":{"line":82,"column":9}},{"start":{"line":80,"column":8},"end":{"line":82,"column":9}}]},"6":{"loc":{"start":{"line":104,"column":86},"end":{"line":104,"column":28}},"type":"cond-expr","locations":[{"start":{"line":104,"column":86},"end":{"line":104,"column":28}},{"start":{"line":104,"column":111},"end":{"line":104,"column":8}}]},"7":{"loc":{"start":{"line":104,"column":30},"end":{"line":104,"column":29}},"type":"binary-expr","locations":[{"start":{"line":104,"column":30},"end":{"line":104,"column":29}},{"start":{"line":104,"column":56},"end":{"line":104,"column":30}},{"start":{"line":104,"column":69},"end":{"line":104,"column":28}}]},"8":{"loc":{"start":{"line":108,"column":8},"end":{"line":121,"column":9}},"type":"if","locations":[{"start":{"line":108,"column":8},"end":{"line":121,"column":9}},{"start":{"line":108,"column":8},"end":{"line":121,"column":9}}]},"9":{"loc":{"start":{"line":111,"column":10},"end":{"line":120,"column":11}},"type":"if","locations":[{"start":{"line":111,"column":10},"end":{"line":120,"column":11}},{"start":{"line":111,"column":10},"end":{"line":120,"column":11}}]},"10":{"loc":{"start":{"line":134,"column":8},"end":{"line":138,"column":9}},"type":"if","locations":[{"start":{"line":134,"column":8},"end":{"line":138,"column":9}},{"start":{"line":134,"column":8},"end":{"line":138,"column":9}}]},"11":{"loc":{"start":{"line":150,"column":36},"end":{"line":150,"column":24}},"type":"cond-expr","locations":[{"start":{"line":150,"column":36},"end":{"line":150,"column":24}},{"start":{"line":150,"column":144},"end":{"line":150,"column":8}}]},"12":{"loc":{"start":{"line":154,"column":8},"end":{"line":164,"column":9}},"type":"if","locations":[{"start":{"line":154,"column":8},"end":{"line":164,"column":9}},{"start":{"line":154,"column":8},"end":{"line":164,"column":9}}]},"13":{"loc":{"start":{"line":169,"column":6},"end":{"line":173,"column":7}},"type":"if","locations":[{"start":{"line":169,"column":6},"end":{"line":173,"column":7}},{"start":{"line":169,"column":6},"end":{"line":173,"column":7}}]},"14":{"loc":{"start":{"line":225,"column":6},"end":{"line":226,"column":41}},"type":"if","locations":[{"start":{"line":225,"column":6},"end":{"line":226,"column":41}},{"start":{"line":225,"column":6},"end":{"line":226,"column":41}}]},"15":{"loc":{"start":{"line":229,"column":16},"end":{"line":229,"column":15}},"type":"binary-expr","locations":[{"start":{"line":229,"column":16},"end":{"line":229,"column":15}},{"start":{"line":229,"column":53},"end":{"line":229,"column":15}},{"start":{"line":229,"column":95},"end":{"line":229,"column":94}},{"start":{"line":229,"column":134},"end":{"line":229,"column":15}},{"start":{"line":229,"column":178},"end":{"line":229,"column":177}},{"start":{"line":229,"column":214},"end":{"line":229,"column":8}}]},"16":{"loc":{"start":{"line":233,"column":8},"end":{"line":235,"column":9}},"type":"if","locations":[{"start":{"line":233,"column":8},"end":{"line":235,"column":9}},{"start":{"line":233,"column":8},"end":{"line":235,"column":9}}]},"17":{"loc":{"start":{"line":237,"column":10},"end":{"line":239,"column":11}},"type":"if","locations":[{"start":{"line":237,"column":10},"end":{"line":239,"column":11}},{"start":{"line":237,"column":10},"end":{"line":239,"column":11}}]},"18":{"loc":{"start":{"line":247,"column":8},"end":{"line":251,"column":9}},"type":"if","locations":[{"start":{"line":247,"column":8},"end":{"line":251,"column":9}},{"start":{"line":247,"column":8},"end":{"line":251,"column":9}}]},"19":{"loc":{"start":{"line":256,"column":8},"end":{"line":260,"column":9}},"type":"if","locations":[{"start":{"line":256,"column":8},"end":{"line":260,"column":9}},{"start":{"line":256,"column":8},"end":{"line":260,"column":9}}]},"20":{"loc":{"start":{"line":304,"column":6},"end":{"line":335,"column":7}},"type":"if","locations":[{"start":{"line":304,"column":6},"end":{"line":335,"column":7}},{"start":{"line":304,"column":6},"end":{"line":335,"column":7}}]},"21":{"loc":{"start":{"line":306,"column":10},"end":{"line":333,"column":11}},"type":"if","locations":[{"start":{"line":306,"column":10},"end":{"line":333,"column":11}},{"start":{"line":306,"column":10},"end":{"line":333,"column":11}}]},"22":{"loc":{"start":{"line":306,"column":14},"end":{"line":306,"column":13}},"type":"binary-expr","locations":[{"start":{"line":306,"column":14},"end":{"line":306,"column":13}},{"start":{"line":306,"column":34},"end":{"line":306,"column":10}}]},"23":{"loc":{"start":{"line":312,"column":16},"end":{"line":317,"column":17}},"type":"if","locations":[{"start":{"line":312,"column":16},"end":{"line":317,"column":17}},{"start":{"line":312,"column":16},"end":{"line":317,"column":17}}]},"24":{"loc":{"start":{"line":313,"column":53},"end":{"line":313,"column":38}},"type":"cond-expr","locations":[{"start":{"line":313,"column":53},"end":{"line":313,"column":38}},{"start":{"line":313,"column":61},"end":{"line":313,"column":18}}]},"25":{"loc":{"start":{"line":314,"column":79},"end":{"line":314,"column":38}},"type":"cond-expr","locations":[{"start":{"line":314,"column":79},"end":{"line":314,"column":38}},{"start":{"line":314,"column":91},"end":{"line":314,"column":18}}]},"26":{"loc":{"start":{"line":323,"column":12},"end":{"line":332,"column":13}},"type":"if","locations":[{"start":{"line":323,"column":12},"end":{"line":332,"column":13}},{"start":{"line":323,"column":12},"end":{"line":332,"column":13}}]},"27":{"loc":{"start":{"line":348,"column":60},"end":{"line":348,"column":34}},"type":"cond-expr","locations":[{"start":{"line":348,"column":60},"end":{"line":348,"column":34}},{"start":{"line":348,"column":89},"end":{"line":348,"column":8}}]},"28":{"loc":{"start":{"line":350,"column":8},"end":{"line":396,"column":9}},"type":"if","locations":[{"start":{"line":350,"column":8},"end":{"line":396,"column":9}},{"start":{"line":350,"column":8},"end":{"line":396,"column":9}}]},"29":{"loc":{"start":{"line":354,"column":10},"end":{"line":354,"column":66}},"type":"if","locations":[{"start":{"line":354,"column":10},"end":{"line":354,"column":66}},{"start":{"line":354,"column":10},"end":{"line":354,"column":66}}]},"30":{"loc":{"start":{"line":359,"column":10},"end":{"line":391,"column":11}},"type":"if","locations":[{"start":{"line":359,"column":10},"end":{"line":391,"column":11}},{"start":{"line":359,"column":10},"end":{"line":391,"column":11}}]},"31":{"loc":{"start":{"line":365,"column":12},"end":{"line":386,"column":13}},"type":"if","locations":[{"start":{"line":365,"column":12},"end":{"line":386,"column":13}},{"start":{"line":365,"column":12},"end":{"line":386,"column":13}}]},"32":{"loc":{"start":{"line":376,"column":14},"end":{"line":378,"column":15}},"type":"if","locations":[{"start":{"line":376,"column":14},"end":{"line":378,"column":15}},{"start":{"line":376,"column":14},"end":{"line":378,"column":15}}]},"33":{"loc":{"start":{"line":381,"column":14},"end":{"line":381,"column":74}},"type":"if","locations":[{"start":{"line":381,"column":14},"end":{"line":381,"column":74}},{"start":{"line":381,"column":14},"end":{"line":381,"column":74}}]},"34":{"loc":{"start":{"line":418,"column":8},"end":{"line":418,"column":70}},"type":"if","locations":[{"start":{"line":418,"column":8},"end":{"line":418,"column":70}},{"start":{"line":418,"column":8},"end":{"line":418,"column":70}}]},"35":{"loc":{"start":{"line":430,"column":6},"end":{"line":430,"column":70}},"type":"if","locations":[{"start":{"line":430,"column":6},"end":{"line":430,"column":70}},{"start":{"line":430,"column":6},"end":{"line":430,"column":70}}]},"36":{"loc":{"start":{"line":438,"column":4},"end":{"line":453,"column":5}},"type":"if","locations":[{"start":{"line":438,"column":4},"end":{"line":453,"column":5}},{"start":{"line":438,"column":4},"end":{"line":453,"column":5}}]},"37":{"loc":{"start":{"line":443,"column":11},"end":{"line":453,"column":5}},"type":"if","locations":[{"start":{"line":443,"column":11},"end":{"line":453,"column":5}},{"start":{"line":443,"column":11},"end":{"line":453,"column":5}}]},"38":{"loc":{"start":{"line":443,"column":15},"end":{"line":443,"column":14}},"type":"binary-expr","locations":[{"start":{"line":443,"column":15},"end":{"line":443,"column":14}},{"start":{"line":443,"column":46},"end":{"line":443,"column":11}}]},"39":{"loc":{"start":{"line":443,"column":15},"end":{"line":443,"column":21}},"type":"cond-expr","locations":[{"start":{"line":443,"column":15},"end":{"line":443,"column":21}},{"start":{"line":443,"column":15},"end":{"line":443,"column":33}}]}},"s":{"0":0,"1":0,"2":0,"3":0,"4":0,"5":0,"6":0,"7":0,"8":0,"9":0,"10":0,"11":0,"12":0,"13":0,"14":0,"15":0,"16":0,"17":0,"18":0,"19":0,"20":0,"21":0,"22":0,"23":0,"24":0,"25":0,"26":0,"27":0,"28":0,"29":0,"30":0,"31":0,"32":0,"33":0,"34":0,"35":0,"36":0,"37":0,"38":0,"39":0,"40":0,"41":0,"42":0,"43":0,"44":0,"45":0,"46":0,"47":0,"48":0,"49":0,"50":0,"51":0,"52":0,"53":0,"54":0,"55":0,"56":0,"57":0,"58":0,"59":0,"60":0,"61":0,"62":0,"63":0,"64":0,"65":0,"66":0,"67":0,"68":0,"69":0,"70":0,"71":0,"72":0,"73":0,"74":0,"75":0,"76":0,"77":0,"78":0,"79":0,"80":0,"81":0,"82":0,"83":0,"84":0,"85":0,"86":0,"87":0,"88":0,"89":0,"90":0,"91":0,"92":0,"93":0,"94":0,"95":0,"96":0,"97":0,"98":0,"99":0,"100":0,"101":0,"102":0,"103":0,"104":0,"105":0,"106":0,"107":0,"108":0,"109":0,"110":0,"111":0,"112":0,"113":0,"114":0,"115":0,"116":0,"117":0,"118":0,"119":0,"120":0,"121":0,"122":0,"123":0,"124":0,"125":0,"126":0,"127":0,"128":0,"129":0,"130":0,"131":0,"132":0,"133":0,"134":0,"135":0,"136":0,"137":0,"138":0,"139":0,"140":0,"141":0,"142":0,"143":0,"144":0,"145":0,"146":0,"147":0,"148":0,"149":0,"150":0,"151":0,"152":0,"153":0,"154":0,"155":0,"156":0,"157":0,"158":0,"159":0,"160":0,"161":0,"162":0,"163":0,"164":0,"165":0,"166":0,"167":0,"168":0,"169":0,"170":0,"171":0,"172":0,"173":0,"174":0,"175":0,"176":0,"177":0,"178":0,"179":0,"180":0,"181":0,"182":0,"183":0,"184":0,"185":0,"186":0,"187":0,"188":0,"189":0,"190":0,"191":0,"192":0,"193":0,"194":0,"195":0,"196":0,"197":0,"198":0,"199":0,"200":0,"201":0,"202":0,"203":0,"204":0,"205":0,"206":0,"207":0,"208":0,"209":0},"f":{"0":0,"1":0,"2":0,"3":0,"4":0,"5":0,"6":0,"7":0,"8":0,"9":0,"10":0,"11":0,"12":0,"13":0,"14":0,"15":0,"16":0,"17":0,"18":0,"19":0,"20":0,"21":0,"22":0,"23":0,"24":0,"25":0,"26":0,"27":0,"28":0,"29":0,"30":0,"31":0,"32":0,"33":0,"34":0,"35":0,"36":0,"37":0,"38":0,"39":0,"40":0,"41":0,"42":0,"43":0,"44":0,"45":0,"46":0},"b":{"0":[0,0],"1":[0,0],"2":[0,0],"3":[0,0],"4":[0,0],"5":[0,0],"6":[0,0],"7":[0,0,0],"8":[0,0],"9":[0,0],"10":[0,0],"11":[0,0],"12":[0,0],"13":[0,0],"14":[0,0],"15":[0,0,0,0,0,0],"16":[0,0],"17":[0,0],"18":[0,0],"19":[0,0],"20":[0,0],"21":[0,0],"22":[0,0],"23":[0,0],"24":[0,0],"25":[0,0],"26":[0,0],"27":[0,0],"28":[0,0],"29":[0,0],"30":[0,0],"31":[0,0],"32":[0,0],"33":[0,0],"34":[0,0],"35":[0,0],"36":[0,0],"37":[0,0],"38":[0,0],"39":[0,0]}}
}
