TN:
SF:/home/makro/0001/scrollnav/src/scrollTo.js
FN:5,scrollTo
FN:6,(anonymous_1)
FN:25,animateScroll
FNF:3
FNH:3
FNDA:3,scrollTo
FNDA:3,(anonymous_1)
FNDA:1,animateScroll
DA:6,3
DA:7,3
DA:8,1
DA:11,2
DA:12,2
DA:13,1
DA:16,1
DA:17,1
DA:18,1
DA:19,1
DA:20,1
DA:21,1
DA:26,1
DA:27,1
DA:28,1
DA:29,1
DA:31,1
DA:32,1
DA:34,0
DA:38,1
LF:20
LH:19
BRDA:7,0,0,1
BRDA:7,0,1,2
BRDA:11,1,0,2
BRDA:11,1,1,1
BRDA:12,2,0,1
BRDA:12,2,1,1
BRDA:31,3,0,1
BRDA:31,3,1,0
BRF:8
BRH:7
end_of_record
TN:
SF:/home/makro/0001/scrollnav/src/scrollnav.js
FN:26,isElement
FN:30,init
FN:98,destroy
FN:109,updatePositions
FNF:4
FNH:4
FNDA:50,isElement
FNDA:27,init
FNDA:2,destroy
FNDA:2,updatePositions
DA:27,50
DA:31,27
DA:38,27
DA:39,27
DA:41,27
DA:42,4
DA:44,1
DA:48,4
DA:51,23
DA:52,4
DA:54,1
DA:58,4
DA:61,19
DA:62,2
DA:64,1
DA:70,2
DA:73,17
DA:75,17
DA:76,2
DA:78,1
DA:83,2
DA:86,15
DA:87,15
DA:89,15
DA:90,15
DA:91,15
DA:92,15
DA:94,15
DA:95,15
DA:99,2
DA:101,2
DA:102,2
DA:103,2
DA:104,2
DA:106,2
DA:110,2
DA:111,2
DA:113,2
DA:116,1
LF:39
LH:39
BRDA:41,0,0,4
BRDA:41,0,1,23
BRDA:42,1,0,1
BRDA:42,1,1,3
BRDA:51,2,0,4
BRDA:51,2,1,19
BRDA:51,3,0,23
BRDA:51,3,1,23
BRDA:52,4,0,1
BRDA:52,4,1,3
BRDA:61,5,0,2
BRDA:61,5,1,17
BRDA:62,6,0,1
BRDA:62,6,1,1
BRDA:75,7,0,2
BRDA:75,7,1,15
BRDA:76,8,0,1
BRDA:76,8,1,1
BRDA:94,9,0,7
BRDA:94,9,1,8
BRDA:95,10,0,1
BRDA:95,10,1,14
BRDA:106,11,0,1
BRDA:106,11,1,1
BRDA:113,12,0,1
BRDA:113,12,1,1
BRF:26
BRH:26
end_of_record
TN:
SF:/home/makro/0001/scrollnav/src/setupClickHandlers.js
FN:4,setupClickHandlers
FN:6,clickHandler
FN:26,(anonymous_2)
FNF:3
FNH:3
FNDA:17,setupClickHandlers
FNDA:1,clickHandler
FNDA:51,(anonymous_2)
DA:5,17
DA:7,1
DA:9,1
DA:10,1
DA:11,1
DA:25,17
DA:26,17
DA:27,51
DA:30,17
LF:9
LH:9
BRF:0
BRH:0
end_of_record
TN:
SF:/home/makro/0001/scrollnav/src/setupResizeHandler.js
FN:3,setupResizeHandler
FN:4,resizeHandler
FNF:2
FNH:2
FNDA:17,setupResizeHandler
FNDA:1,resizeHandler
DA:5,1
DA:8,17
DA:10,17
LF:3
LH:3
BRF:0
BRH:0
end_of_record
TN:
SF:/home/makro/0001/scrollnav/src/setupScrollHandler.js
FN:4,setupScrollHandler
FN:5,scrollHandler
FNF:2
FNH:2
FNDA:20,setupScrollHandler
FNDA:5,scrollHandler
DA:6,5
DA:7,5
DA:8,5
DA:9,5
DA:15,5
DA:17,5
DA:20,20
DA:22,20
LF:8
LH:8
BRDA:6,0,0,5
BRDA:6,0,1,5
BRDA:6,0,2,5
BRF:3
BRH:3
end_of_record
TN:
SF:/home/makro/0001/scrollnav/src/teardownClickHandlers.js
FN:1,teardownClickHandlers
FN:3,(anonymous_1)
FNF:2
FNH:2
FNDA:3,teardownClickHandlers
FNDA:9,(anonymous_1)
DA:2,3
DA:3,3
DA:4,9
LF:3
LH:3
BRF:0
BRH:0
end_of_record
TN:
SF:/home/makro/0001/scrollnav/src/teardownResizeHandler.js
FN:1,teardownResizelHandler
FNF:1
FNH:1
FNDA:3,teardownResizelHandler
DA:2,3
LF:1
LH:1
BRF:0
BRH:0
end_of_record
TN:
SF:/home/makro/0001/scrollnav/src/teardownScrollHandler.js
FN:1,teardownScrollHandler
FNF:1
FNH:1
FNDA:4,teardownScrollHandler
DA:2,4
LF:1
LH:1
BRF:0
BRH:0
end_of_record
TN:
SF:/home/makro/0001/scrollnav/src/util/calculateScrollDuration.js
FN:1,calculateScrollDuration
FNF:1
FNH:1
FNDA:4,calculateScrollDuration
DA:2,4
DA:4,4
LF:2
LH:2
BRF:0
BRH:0
end_of_record
TN:
SF:/home/makro/0001/scrollnav/src/util/createList.js
FN:1,createList
FN:8,(anonymous_1)
FNF:2
FNH:2
FNDA:99,createList
FNDA:75,(anonymous_1)
DA:2,99
DA:3,99
DA:5,99
DA:6,99
DA:8,99
DA:9,75
DA:10,75
DA:11,75
DA:12,75
DA:14,75
DA:15,75
DA:16,75
DA:17,75
DA:18,75
DA:19,75
DA:21,75
DA:22,75
DA:25,99
DA:26,99
DA:28,99
LF:20
LH:20
BRDA:1,0,0,24
BRDA:2,1,0,75
BRDA:2,1,1,24
BRF:3
BRH:3
end_of_record
TN:
SF:/home/makro/0001/scrollnav/src/util/createNav.js
FN:3,createNav
FNF:1
FNH:1
FNDA:17,createNav
DA:4,17
DA:5,17
DA:6,17
DA:8,17
LF:4
LH:4
BRF:0
BRH:0
end_of_record
TN:
SF:/home/makro/0001/scrollnav/src/util/easing.js
FN:3,(anonymous_0)
FN:3,(anonymous_1)
FN:4,(anonymous_2)
FN:4,(anonymous_3)
FN:5,(anonymous_4)
FN:5,(anonymous_5)
FNF:6
FNH:6
FNDA:26,(anonymous_0)
FNDA:18,(anonymous_1)
FNDA:30,(anonymous_2)
FNDA:22,(anonymous_3)
FNDA:25,(anonymous_4)
FNDA:16,(anonymous_5)
DA:3,26
DA:4,30
DA:5,25
DA:6,16
DA:8,5
LF:5
LH:5
BRDA:6,0,0,6
BRDA:6,0,1,10
BRF:2
BRH:2
end_of_record
TN:
SF:/home/makro/0001/scrollnav/src/util/extend.js
FN:3,extend
FNF:1
FNH:1
FNDA:32,extend
DA:4,32
DA:7,32
DA:8,160
DA:9,160
DA:13,32
DA:14,30
DA:15,30
DA:19,32
LF:8
LH:8
BRDA:8,0,0,160
BRDA:8,0,1,0
BRDA:14,1,0,30
BRDA:14,1,1,0
BRF:4
BRH:2
end_of_record
TN:
SF:/home/makro/0001/scrollnav/src/util/getActiveSection.js
FN:1,getActiveSection
FN:4,(anonymous_1)
FNF:2
FNH:2
FNDA:10,getActiveSection
FNDA:28,(anonymous_1)
DA:4,10
DA:5,28
DA:6,14
DA:7,0
DA:10,14
DA:14,10
DA:17,1
DA:23,1
DA:24,1
DA:28,10
LF:10
LH:9
BRDA:5,0,0,14
BRDA:5,0,1,14
BRDA:6,1,0,0
BRDA:6,1,1,14
BRDA:6,2,0,14
BRDA:6,2,1,3
BRDA:14,3,0,1
BRDA:14,3,1,9
BRDA:14,4,0,10
BRDA:14,4,1,9
BRDA:23,5,0,1
BRDA:23,5,1,0
BRF:12
BRH:10
end_of_record
TN:
SF:/home/makro/0001/scrollnav/src/util/getOrSetID.js
FN:1,getOrSetID
FNF:1
FNH:1
FNDA:58,getOrSetID
DA:2,58
DA:3,1
DA:6,57
DA:8,57
DA:9,4
DA:10,1
DA:13,3
DA:14,3
DA:16,56
LF:9
LH:9
BRDA:2,0,0,1
BRDA:2,0,1,57
BRDA:8,1,0,4
BRDA:8,1,1,53
BRDA:9,2,0,1
BRDA:9,2,1,3
BRF:6
BRH:6
end_of_record
TN:
SF:/home/makro/0001/scrollnav/src/util/getTargetYPosition.js
FN:1,getTargetYPosition
FN:12,filterData
FN:15,(anonymous_2)
FNF:3
FNH:3
FNDA:3,getTargetYPosition
FNDA:5,filterData
FNDA:10,(anonymous_2)
DA:2,3
DA:3,3
DA:4,3
DA:7,3
DA:9,3
DA:15,5
DA:16,10
DA:17,3
DA:20,10
DA:21,2
DA:25,5
LF:11
LH:11
BRDA:3,0,0,3
BRDA:3,0,1,0
BRDA:16,1,0,3
BRDA:16,1,1,7
BRDA:20,2,0,2
BRDA:20,2,1,8
BRDA:20,3,0,10
BRDA:20,3,1,10
BRF:8
BRH:7
end_of_record
TN:
SF:/home/makro/0001/scrollnav/src/util/getYPosition.js
FN:1,getYPosition
FNF:1
FNH:1
FNDA:73,getYPosition
DA:2,73
DA:3,1
DA:6,72
DA:7,72
DA:8,1
DA:11,71
DA:12,71
DA:14,71
LF:8
LH:8
BRDA:2,0,0,1
BRDA:2,0,1,72
BRDA:6,1,0,72
BRDA:6,1,1,70
BRDA:7,2,0,1
BRDA:7,2,1,71
BRF:6
BRH:6
end_of_record
TN:
SF:/home/makro/0001/scrollnav/src/util/insertNav.js
FN:1,insertNav
FNF:1
FNH:1
FNDA:19,insertNav
DA:2,19
DA:3,19
DA:5,19
DA:6,2
DA:7,17
DA:8,2
DA:9,15
DA:10,13
DA:11,2
DA:12,2
LF:10
LH:10
BRDA:5,0,0,2
BRDA:5,0,1,17
BRDA:7,1,0,2
BRDA:7,1,1,15
BRDA:9,2,0,13
BRDA:9,2,1,2
BRDA:11,3,0,2
BRDA:11,3,1,0
BRF:8
BRH:7
end_of_record
TN:
SF:/home/makro/0001/scrollnav/src/util/insertVisualDebugger.js
FN:1,insertVisualDebugger
FNF:1
FNH:1
FNDA:8,insertVisualDebugger
DA:2,8
DA:3,8
DA:5,8
DA:19,8
LF:4
LH:4
BRF:0
BRH:0
end_of_record
TN:
SF:/home/makro/0001/scrollnav/src/util/nextUntil.js
FN:3,nextUntil
FNF:1
FNH:1
FNDA:4,nextUntil
DA:4,4
DA:6,4
DA:8,4
DA:9,12
DA:11,9
DA:12,7
DA:13,7
DA:16,2
DA:18,2
DA:21,4
LF:10
LH:10
BRDA:9,0,0,3
BRDA:9,0,1,9
BRDA:11,1,0,7
BRDA:11,1,1,2
BRDA:11,2,0,9
BRDA:11,2,1,9
BRF:6
BRH:6
end_of_record
TN:
SF:/home/makro/0001/scrollnav/src/util/populateSectionData.js
FN:5,populateSectionData
FN:13,(anonymous_1)
FNF:2
FNH:2
FNDA:20,populateSectionData
FNDA:52,(anonymous_1)
DA:10,20
DA:11,20
DA:13,20
DA:14,52
DA:15,52
DA:17,52
DA:18,3
DA:23,3
DA:26,52
DA:34,20
LF:10
LH:10
BRDA:8,0,0,17
BRDA:17,1,0,3
BRDA:17,1,1,49
BRDA:17,2,0,52
BRDA:17,2,1,4
BRDA:28,3,0,52
BRDA:28,3,1,52
BRF:7
BRH:7
end_of_record
TN:
SF:/home/makro/0001/scrollnav/src/util/updateActiveNavItem.js
FN:1,updateActiveNavItem
FNF:1
FNH:1
FNDA:10,updateActiveNavItem
DA:2,10
DA:4,10
DA:5,2
DA:6,2
DA:7,2
DA:10,2
DA:13,8
DA:17,8
DA:18,7
DA:19,3
DA:20,3
DA:22,7
DA:23,7
LF:13
LH:13
BRDA:4,0,0,2
BRDA:4,0,1,8
BRDA:5,1,0,2
BRDA:5,1,1,0
BRDA:17,2,0,7
BRDA:17,2,1,1
BRDA:17,3,0,8
BRDA:17,3,1,8
BRDA:18,4,0,3
BRDA:18,4,1,4
BRF:10
BRH:9
end_of_record
TN:
SF:/home/makro/0001/scrollnav/src/util/updatePositionData.js
FN:3,updatePositionData
FN:4,(anonymous_1)
FNF:2
FNH:2
FNDA:6,updatePositionData
FNDA:16,(anonymous_1)
DA:4,6
DA:5,16
DA:6,16
DA:8,16
DA:9,1
DA:13,6
LF:6
LH:6
BRDA:8,0,0,1
BRDA:8,0,1,15
BRF:2
BRH:2
end_of_record
