TN:
SF:/Users/jw/repos/jw/scrollNav/src/scrollNav.js
FN:34,isElement
FN:38,init
FN:101,destroy
FN:112,updatePositions
FNF:4
FNH:4
FNDA:44,isElement
FNDA:24,init
FNDA:2,destroy
FNDA:2,updatePositions
DA:35,44
DA:39,24
DA:45,24
DA:46,24
DA:48,24
DA:49,4
DA:50,1
DA:54,4
DA:57,20
DA:58,4
DA:59,1
DA:63,4
DA:66,16
DA:67,2
DA:68,1
DA:74,2
DA:77,14
DA:79,14
DA:80,2
DA:81,1
DA:86,2
DA:89,12
DA:90,12
DA:92,12
DA:93,12
DA:94,12
DA:95,12
DA:97,12
DA:98,12
DA:102,2
DA:104,2
DA:105,2
DA:106,2
DA:107,2
DA:109,2
DA:113,2
DA:114,2
DA:116,2
DA:119,1
LF:39
LH:39
BRDA:48,0,0,4
BRDA:48,0,1,20
BRDA:49,1,0,1
BRDA:49,1,1,3
BRDA:57,2,0,4
BRDA:57,2,1,16
BRDA:57,3,0,20
BRDA:57,3,1,20
BRDA:58,4,0,1
BRDA:58,4,1,3
BRDA:66,5,0,2
BRDA:66,5,1,14
BRDA:67,6,0,1
BRDA:67,6,1,1
BRDA:79,7,0,2
BRDA:79,7,1,12
BRDA:80,8,0,1
BRDA:80,8,1,1
BRDA:97,9,0,4
BRDA:97,9,1,8
BRDA:98,10,0,1
BRDA:98,10,1,11
BRDA:109,11,0,1
BRDA:109,11,1,1
BRDA:116,12,0,1
BRDA:116,12,1,1
BRF:26
BRH:26
end_of_record
TN:
SF:/Users/jw/repos/jw/scrollNav/src/scrollTo.js
FN:6,scrollTo
FN:7,(anonymous_1)
FN:26,animateScroll
FNF:3
FNH:3
FNDA:3,scrollTo
FNDA:3,(anonymous_1)
FNDA:1,animateScroll
DA:7,3
DA:8,3
DA:9,1
DA:12,2
DA:13,2
DA:14,1
DA:17,1
DA:18,1
DA:19,1
DA:20,1
DA:21,1
DA:22,1
DA:27,1
DA:28,1
DA:29,1
DA:30,1
DA:32,1
DA:33,1
DA:35,0
DA:39,1
LF:20
LH:19
BRDA:8,0,0,1
BRDA:8,0,1,2
BRDA:12,1,0,2
BRDA:12,1,1,1
BRDA:13,2,0,1
BRDA:13,2,1,1
BRDA:32,3,0,1
BRDA:32,3,1,0
BRF:8
BRH:7
end_of_record
TN:
SF:/Users/jw/repos/jw/scrollNav/src/setupClickHandlers.js
FN:4,setupClickHandlers
FN:5,clickHandler
FN:23,(anonymous_2)
FNF:3
FNH:3
FNDA:14,setupClickHandlers
FNDA:1,clickHandler
FNDA:42,(anonymous_2)
DA:6,1
DA:8,1
DA:9,1
DA:10,1
DA:22,14
DA:23,14
DA:24,42
DA:27,14
LF:8
LH:8
BRF:0
BRH:0
end_of_record
TN:
SF:/Users/jw/repos/jw/scrollNav/src/setupResizeHandler.js
FN:3,setupResizeHandler
FN:4,resizeHandler
FNF:2
FNH:2
FNDA:14,setupResizeHandler
FNDA:1,resizeHandler
DA:5,1
DA:8,14
DA:10,14
LF:3
LH:3
BRF:0
BRH:0
end_of_record
TN:
SF:/Users/jw/repos/jw/scrollNav/src/setupScrollHandler.js
FN:4,setupScrollHandler
FN:5,scrollHandler
FNF:2
FNH:2
FNDA:17,setupScrollHandler
FNDA:5,scrollHandler
DA:6,5
DA:7,5
DA:8,5
DA:9,5
DA:15,5
DA:17,5
DA:20,17
DA:22,17
LF:8
LH:8
BRDA:6,0,0,5
BRDA:6,0,1,5
BRDA:6,0,2,5
BRF:3
BRH:3
end_of_record
TN:
SF:/Users/jw/repos/jw/scrollNav/src/teardownClickHandlers.js
FN:1,teardownClickHandlers
FN:3,(anonymous_1)
FNF:2
FNH:2
FNDA:3,teardownClickHandlers
FNDA:9,(anonymous_1)
DA:2,3
DA:3,3
DA:4,9
LF:3
LH:3
BRF:0
BRH:0
end_of_record
TN:
SF:/Users/jw/repos/jw/scrollNav/src/teardownResizeHandler.js
FN:1,teardownResizelHandler
FNF:1
FNH:1
FNDA:3,teardownResizelHandler
DA:2,3
LF:1
LH:1
BRF:0
BRH:0
end_of_record
TN:
SF:/Users/jw/repos/jw/scrollNav/src/teardownScrollHandler.js
FN:1,teardownScrollHandler
FNF:1
FNH:1
FNDA:4,teardownScrollHandler
DA:2,4
LF:1
LH:1
BRF:0
BRH:0
end_of_record
TN:
SF:/Users/jw/repos/jw/scrollNav/src/util/calculateEasedTimes.js
FN:3,calculateEasedTimes
FNF:1
FNH:1
FNDA:2,calculateEasedTimes
DA:4,2
DA:5,2
DA:6,2
DA:9,2
DA:10,10
DA:11,10
DA:12,10
DA:15,2
LF:8
LH:8
BRF:0
BRH:0
end_of_record
TN:
SF:/Users/jw/repos/jw/scrollNav/src/util/calculateScrollDuration.js
FN:1,calculateScrollDuration
FNF:1
FNH:1
FNDA:4,calculateScrollDuration
DA:2,4
DA:4,4
LF:2
LH:2
BRF:0
BRH:0
end_of_record
TN:
SF:/Users/jw/repos/jw/scrollNav/src/util/createList.js
FN:1,createList
FN:8,(anonymous_1)
FNF:2
FNH:2
FNDA:24,createList
FNDA:66,(anonymous_1)
DA:2,24
DA:3,24
DA:5,24
DA:9,66
DA:21,24
DA:27,24
LF:6
LH:6
BRDA:1,0,0,21
BRDA:2,1,0,3
BRDA:2,1,1,21
BRDA:12,2,0,3
BRDA:12,2,1,63
BRDA:12,3,0,66
BRDA:12,3,1,66
BRF:7
BRH:7
end_of_record
TN:
SF:/Users/jw/repos/jw/scrollNav/src/util/createNav.js
FN:3,createNav
FNF:1
FNH:1
FNDA:14,createNav
DA:4,14
DA:5,14
DA:6,14
DA:8,14
LF:4
LH:4
BRF:0
BRH:0
end_of_record
TN:
SF:/Users/jw/repos/jw/scrollNav/src/util/easing.js
FN:3,(anonymous_0)
FN:3,(anonymous_1)
FN:4,(anonymous_2)
FN:4,(anonymous_3)
FN:5,(anonymous_4)
FN:5,(anonymous_5)
FNF:6
FNH:6
FNDA:34,(anonymous_0)
FNDA:22,(anonymous_1)
FNDA:40,(anonymous_2)
FNDA:28,(anonymous_3)
FNDA:30,(anonymous_4)
FNDA:26,(anonymous_5)
DA:3,34
DA:4,40
DA:5,30
DA:6,26
DA:8,6
LF:5
LH:5
BRDA:6,0,0,10
BRDA:6,0,1,16
BRF:2
BRH:2
end_of_record
TN:
SF:/Users/jw/repos/jw/scrollNav/src/util/extend.js
FN:3,extend
FNF:1
FNH:1
FNDA:29,extend
DA:4,29
DA:7,29
DA:8,117
DA:9,117
DA:13,29
DA:14,24
DA:15,24
DA:19,29
LF:8
LH:8
BRDA:8,0,0,117
BRDA:8,0,1,0
BRDA:14,1,0,24
BRDA:14,1,1,0
BRF:4
BRH:2
end_of_record
TN:
SF:/Users/jw/repos/jw/scrollNav/src/util/getActiveSection.js
FN:1,getActiveSection
FN:4,(anonymous_1)
FNF:2
FNH:2
FNDA:10,getActiveSection
FNDA:28,(anonymous_1)
DA:4,10
DA:5,28
DA:6,14
DA:7,0
DA:10,14
DA:14,10
DA:17,1
DA:23,1
DA:24,1
DA:28,10
LF:10
LH:9
BRDA:5,0,0,14
BRDA:5,0,1,14
BRDA:6,1,0,0
BRDA:6,1,1,14
BRDA:6,2,0,14
BRDA:6,2,1,3
BRDA:14,3,0,1
BRDA:14,3,1,9
BRDA:14,4,0,10
BRDA:14,4,1,9
BRDA:23,5,0,1
BRDA:23,5,1,0
BRF:12
BRH:10
end_of_record
TN:
SF:/Users/jw/repos/jw/scrollNav/src/util/getOrSetID.js
FN:1,getOrSetID
FNF:1
FNH:1
FNDA:49,getOrSetID
DA:2,49
DA:3,1
DA:6,48
DA:8,48
DA:9,4
DA:10,1
DA:13,3
DA:14,3
DA:16,47
LF:9
LH:9
BRDA:2,0,0,1
BRDA:2,0,1,48
BRDA:8,1,0,4
BRDA:8,1,1,44
BRDA:9,2,0,1
BRDA:9,2,1,3
BRF:6
BRH:6
end_of_record
TN:
SF:/Users/jw/repos/jw/scrollNav/src/util/getTargetYPosition.js
FN:1,getTargetYPosition
FN:12,filterData
FN:15,(anonymous_2)
FNF:3
FNH:3
FNDA:3,getTargetYPosition
FNDA:5,filterData
FNDA:10,(anonymous_2)
DA:2,3
DA:3,3
DA:4,3
DA:7,3
DA:9,3
DA:15,5
DA:16,10
DA:17,3
DA:20,10
DA:21,2
DA:25,5
LF:11
LH:11
BRDA:3,0,0,3
BRDA:3,0,1,0
BRDA:16,1,0,3
BRDA:16,1,1,7
BRDA:20,2,0,2
BRDA:20,2,1,8
BRDA:20,3,0,10
BRDA:20,3,1,10
BRF:8
BRH:7
end_of_record
TN:
SF:/Users/jw/repos/jw/scrollNav/src/util/getYPosition.js
FN:1,getYPosition
FNF:1
FNH:1
FNDA:64,getYPosition
DA:2,64
DA:3,1
DA:6,63
DA:7,63
DA:8,1
DA:11,62
DA:12,62
DA:14,62
LF:8
LH:8
BRDA:2,0,0,1
BRDA:2,0,1,63
BRDA:6,1,0,63
BRDA:6,1,1,61
BRDA:7,2,0,1
BRDA:7,2,1,62
BRF:6
BRH:6
end_of_record
TN:
SF:/Users/jw/repos/jw/scrollNav/src/util/insertNav.js
FN:1,insertNav
FNF:1
FNH:1
FNDA:16,insertNav
DA:2,16
DA:3,16
DA:5,16
DA:6,1
DA:7,15
DA:8,1
DA:9,14
DA:10,12
DA:11,2
DA:12,2
LF:10
LH:10
BRDA:5,0,0,1
BRDA:5,0,1,15
BRDA:7,1,0,1
BRDA:7,1,1,14
BRDA:9,2,0,12
BRDA:9,2,1,2
BRDA:11,3,0,2
BRDA:11,3,1,0
BRF:8
BRH:7
end_of_record
TN:
SF:/Users/jw/repos/jw/scrollNav/src/util/insertVisualDebugger.js
FN:1,insertVisualDebugger
FNF:1
FNH:1
FNDA:5,insertVisualDebugger
DA:2,5
DA:3,5
DA:5,5
DA:19,5
LF:4
LH:4
BRF:0
BRH:0
end_of_record
TN:
SF:/Users/jw/repos/jw/scrollNav/src/util/nextUntil.js
FN:3,nextUntil
FNF:1
FNH:1
FNDA:4,nextUntil
DA:4,4
DA:6,4
DA:8,4
DA:9,12
DA:11,9
DA:12,7
DA:13,7
DA:16,2
DA:18,2
DA:21,4
LF:10
LH:10
BRDA:9,0,0,3
BRDA:9,0,1,9
BRDA:11,1,0,7
BRDA:11,1,1,2
BRDA:11,2,0,9
BRDA:11,2,1,9
BRF:6
BRH:6
end_of_record
TN:
SF:/Users/jw/repos/jw/scrollNav/src/util/populateSectionData.js
FN:5,populateSectionData
FN:13,(anonymous_1)
FNF:2
FNH:2
FNDA:17,populateSectionData
FNDA:43,(anonymous_1)
DA:10,17
DA:11,17
DA:13,17
DA:14,43
DA:15,43
DA:17,43
DA:18,3
DA:23,3
DA:26,43
DA:34,17
LF:10
LH:10
BRDA:8,0,0,14
BRDA:17,1,0,3
BRDA:17,1,1,40
BRDA:17,2,0,43
BRDA:17,2,1,4
BRDA:28,3,0,43
BRDA:28,3,1,43
BRF:7
BRH:7
end_of_record
TN:
SF:/Users/jw/repos/jw/scrollNav/src/util/updateActiveNavItem.js
FN:1,updateActiveNavItem
FNF:1
FNH:1
FNDA:10,updateActiveNavItem
DA:2,10
DA:4,10
DA:5,2
DA:6,2
DA:7,2
DA:10,2
DA:13,8
DA:17,8
DA:18,7
DA:19,3
DA:20,3
DA:22,7
DA:23,7
LF:13
LH:13
BRDA:4,0,0,2
BRDA:4,0,1,8
BRDA:5,1,0,2
BRDA:5,1,1,0
BRDA:17,2,0,7
BRDA:17,2,1,1
BRDA:17,3,0,8
BRDA:17,3,1,8
BRDA:18,4,0,3
BRDA:18,4,1,4
BRF:10
BRH:9
end_of_record
TN:
SF:/Users/jw/repos/jw/scrollNav/src/util/updatePositionData.js
FN:3,updatePositionData
FN:4,(anonymous_1)
FNF:2
FNH:2
FNDA:6,updatePositionData
FNDA:16,(anonymous_1)
DA:4,6
DA:5,16
DA:6,16
DA:8,16
DA:9,1
DA:13,6
LF:6
LH:6
BRDA:8,0,0,1
BRDA:8,0,1,15
BRF:2
BRH:2
end_of_record
